#
# There is insufficient memory for the Java Runtime Environment to continue.
# Native memory allocation (malloc) failed to allocate 1161856 bytes for Chunk::new
# Possible reasons:
#   The system is out of physical RAM or swap space
#   The process is running with CompressedOops enabled, and the Java Heap may be blocking the growth of the native heap
# Possible solutions:
#   Reduce memory load on the system
#   Increase physical memory or swap space
#   Check if swap backing store is full
#   Decrease Java heap size (-Xmx/-Xms)
#   Decrease number of Java threads
#   Decrease Java thread stack sizes (-Xss)
#   Set larger code cache with -XX:ReservedCodeCacheSize=
#   JVM is running with Unscaled Compressed Oops mode in which the Java heap is
#     placed in the first 4GB address space. The Java Heap base address is the
#     maximum limit for the native heap growth. Please use -XX:HeapBaseMinAddress
#     to set the Java Heap base and to place the Java Heap above 4GB virtual address.
# This output file may be truncated or incomplete.
#
#  Out of Memory Error (src/hotspot/share/memory/arena.cpp:197), pid=3192, tid=9724
#
# JRE version: OpenJDK Runtime Environment (11.0.15) (build 11.0.15+0-b2043.56-9505619)
# Java VM: OpenJDK 64-Bit Server VM (11.0.15+0-b2043.56-9505619, mixed mode, tiered, compressed oops, g1 gc, windows-amd64)
# No core dump will be written. Minidumps are not enabled by default on client versions of Windows
#

---------------  S U M M A R Y ------------

Command Line: org.jetbrains.kotlin.cli.jvm.K2JVMCompiler @C:\Users\LENOVO\AndroidStudioProjects\Micultivo\app\build\20230206_14830411875345283349.compiler.options

Host: 11th Gen Intel(R) Core(TM) i3-1115G4 @ 3.00GHz, 4 cores, 7G,  Windows 10 , 64 bit Build 19041 (10.0.19041.2364)
Time: Mon Feb  6 11:46:00 2023 Hora estándar central (México) elapsed time: 2.708284 seconds (0d 0h 0m 2s)

---------------  T H R E A D  ---------------

Current thread (0x000001cd71603800):  JavaThread "C2 CompilerThread1" daemon [_thread_in_native, id=9724, stack(0x0000004b33900000,0x0000004b33a00000)]


Current CompileTask:
C2:   2708 3758       4       jdk.internal.loader.BuiltinClassLoader::loadClass (22 bytes)

Stack: [0x0000004b33900000,0x0000004b33a00000]
Native frames: (J=compiled Java code, j=interpreted, Vv=VM code, C=native code)
V  [jvm.dll+0x64135a]
V  [jvm.dll+0x7d39f9]
V  [jvm.dll+0x7d51b9]
V  [jvm.dll+0x7d58a3]
V  [jvm.dll+0x2691c5]
V  [jvm.dll+0xc1a5c]
V  [jvm.dll+0xc200c]
V  [jvm.dll+0x2da2c2]
V  [jvm.dll+0x54cad9]
V  [jvm.dll+0x22a011]
V  [jvm.dll+0x223809]
V  [jvm.dll+0x220384]
V  [jvm.dll+0x19e851]
V  [jvm.dll+0x230479]
V  [jvm.dll+0x22e5ef]
V  [jvm.dll+0x794de1]
V  [jvm.dll+0x78dc24]
V  [jvm.dll+0x6400f6]
C  [ucrtbase.dll+0x21bb2]
C  [KERNEL32.DLL+0x17614]
C  [ntdll.dll+0x526a1]


---------------  P R O C E S S  ---------------

Threads class SMR info:
_java_thread_list=0x000001cd716008b0, length=11, elements={
0x000001cd570a2000, 0x000001cd70afd800, 0x000001cd70aff000, 0x000001cd70b1b800,
0x000001cd70b1e800, 0x000001cd70b21000, 0x000001cd70b23000, 0x000001cd70b26000,
0x000001cd70b32800, 0x000001cd715fb800, 0x000001cd71603800
}

Java Threads: ( => current thread )
  0x000001cd570a2000 JavaThread "main" [_thread_in_Java, id=3200, stack(0x0000004b32800000,0x0000004b32900000)]
  0x000001cd70afd800 JavaThread "Reference Handler" daemon [_thread_blocked, id=10536, stack(0x0000004b32f00000,0x0000004b33000000)]
  0x000001cd70aff000 JavaThread "Finalizer" daemon [_thread_blocked, id=16324, stack(0x0000004b33000000,0x0000004b33100000)]
  0x000001cd70b1b800 JavaThread "Signal Dispatcher" daemon [_thread_blocked, id=4908, stack(0x0000004b33100000,0x0000004b33200000)]
  0x000001cd70b1e800 JavaThread "Attach Listener" daemon [_thread_blocked, id=7008, stack(0x0000004b33200000,0x0000004b33300000)]
  0x000001cd70b21000 JavaThread "Service Thread" daemon [_thread_blocked, id=14936, stack(0x0000004b33300000,0x0000004b33400000)]
  0x000001cd70b23000 JavaThread "C2 CompilerThread0" daemon [_thread_blocked, id=15304, stack(0x0000004b33400000,0x0000004b33500000)]
  0x000001cd70b26000 JavaThread "C1 CompilerThread0" daemon [_thread_in_native, id=6772, stack(0x0000004b33500000,0x0000004b33600000)]
  0x000001cd70b32800 JavaThread "Sweeper thread" daemon [_thread_blocked, id=10320, stack(0x0000004b33600000,0x0000004b33700000)]
  0x000001cd715fb800 JavaThread "Common-Cleaner" daemon [_thread_blocked, id=7968, stack(0x0000004b33800000,0x0000004b33900000)]
=>0x000001cd71603800 JavaThread "C2 CompilerThread1" daemon [_thread_in_native, id=9724, stack(0x0000004b33900000,0x0000004b33a00000)]

Other Threads:
  0x000001cd70afa000 VMThread "VM Thread" [stack: 0x0000004b32e00000,0x0000004b32f00000] [id=2188]
  0x000001cd715f4800 WatcherThread [stack: 0x0000004b33700000,0x0000004b33800000] [id=9620]
  0x000001cd570ba000 GCTaskThread "GC Thread#0" [stack: 0x0000004b32900000,0x0000004b32a00000] [id=5180]
  0x000001cd719d0800 GCTaskThread "GC Thread#1" [stack: 0x0000004b33a00000,0x0000004b33b00000] [id=15068]
  0x000001cd71a0f000 GCTaskThread "GC Thread#2" [stack: 0x0000004b33b00000,0x0000004b33c00000] [id=7352]
  0x000001cd570e9800 ConcurrentGCThread "G1 Main Marker" [stack: 0x0000004b32a00000,0x0000004b32b00000] [id=5036]
  0x000001cd570eb000 ConcurrentGCThread "G1 Conc#0" [stack: 0x0000004b32b00000,0x0000004b32c00000] [id=8912]
  0x000001cd5716d800 ConcurrentGCThread "G1 Refine#0" [stack: 0x0000004b32c00000,0x0000004b32d00000] [id=15192]
  0x000001cd5716e800 ConcurrentGCThread "G1 Young RemSet Sampling" [stack: 0x0000004b32d00000,0x0000004b32e00000] [id=1152]

Threads with active compile tasks:
C1 CompilerThread0     2714 3921       1       org.jetbrains.kotlin.types.SimpleTypeImpl::isMarkedNullable (5 bytes)
C2 CompilerThread1     2714 3758       4       jdk.internal.loader.BuiltinClassLoader::loadClass (22 bytes)

VM state:not at safepoint (normal execution)

VM Mutex/Monitor currently owned by a thread: None

Heap address: 0x0000000083600000, size: 1994 MB, Compressed Oops mode: 32-bit
Narrow klass base: 0x0000000000000000, Narrow klass shift: 3
Compressed class space size: 1073741824 Address: 0x0000000100000000

Heap:
 garbage-first heap   total 155648K, used 78454K [0x0000000083600000, 0x0000000100000000)
  region size 1024K, 55 young (56320K), 8 survivors (8192K)
 Metaspace       used 51970K, capacity 52541K, committed 52688K, reserved 1095680K
  class space    used 6061K, capacity 6305K, committed 6396K, reserved 1048576K
Heap Regions: E=young(eden), S=young(survivor), O=old, HS=humongous(starts), HC=humongous(continues), CS=collection set, F=free, A=archive, TAMS=top-at-mark-start (previous, next)
|   0|0x0000000083600000, 0x0000000083700000, 0x0000000083700000|100%|HS|  |TAMS 0x0000000083700000, 0x0000000083600000| Complete 
|   1|0x0000000083700000, 0x0000000083800000, 0x0000000083800000|100%|HC|  |TAMS 0x0000000083800000, 0x0000000083700000| Complete 
|   2|0x0000000083800000, 0x0000000083900000, 0x0000000083900000|100%|HC|  |TAMS 0x0000000083900000, 0x0000000083800000| Complete 
|   3|0x0000000083900000, 0x0000000083a00000, 0x0000000083a00000|100%|HC|  |TAMS 0x0000000083a00000, 0x0000000083900000| Complete 
|   4|0x0000000083a00000, 0x0000000083b00000, 0x0000000083b00000|100%| O|  |TAMS 0x0000000083b00000, 0x0000000083a00000| Untracked 
|   5|0x0000000083b00000, 0x0000000083c00000, 0x0000000083c00000|100%| O|  |TAMS 0x0000000083c00000, 0x0000000083b00000| Untracked 
|   6|0x0000000083c00000, 0x0000000083d00000, 0x0000000083d00000|100%|HS|  |TAMS 0x0000000083d00000, 0x0000000083c00000| Complete 
|   7|0x0000000083d00000, 0x0000000083e00000, 0x0000000083e00000|100%|HC|  |TAMS 0x0000000083e00000, 0x0000000083d00000| Complete 
|   8|0x0000000083e00000, 0x0000000083f00000, 0x0000000083f00000|100%|HC|  |TAMS 0x0000000083f00000, 0x0000000083e00000| Complete 
|   9|0x0000000083f00000, 0x0000000084000000, 0x0000000084000000|100%|HC|  |TAMS 0x0000000084000000, 0x0000000083f00000| Complete 
|  10|0x0000000084000000, 0x0000000084100000, 0x0000000084100000|100%|HS|  |TAMS 0x0000000084100000, 0x0000000084000000| Complete 
|  11|0x0000000084100000, 0x0000000084200000, 0x0000000084200000|100%|HC|  |TAMS 0x0000000084200000, 0x0000000084100000| Complete 
|  12|0x0000000084200000, 0x0000000084300000, 0x0000000084300000|100%| O|  |TAMS 0x0000000084300000, 0x0000000084200000| Untracked 
|  13|0x0000000084300000, 0x0000000084400000, 0x0000000084400000|100%| O|  |TAMS 0x0000000084400000, 0x0000000084300000| Untracked 
|  14|0x0000000084400000, 0x0000000084500000, 0x0000000084500000|100%| O|  |TAMS 0x0000000084500000, 0x0000000084400000| Untracked 
|  15|0x0000000084500000, 0x0000000084600000, 0x0000000084600000|100%| O|  |TAMS 0x0000000084600000, 0x0000000084500000| Untracked 
|  16|0x0000000084600000, 0x0000000084700000, 0x0000000084700000|100%| O|  |TAMS 0x0000000084700000, 0x0000000084600000| Untracked 
|  17|0x0000000084700000, 0x0000000084800000, 0x0000000084800000|100%| O|  |TAMS 0x0000000084800000, 0x0000000084700000| Untracked 
|  18|0x0000000084800000, 0x0000000084900000, 0x0000000084900000|100%| O|  |TAMS 0x0000000084900000, 0x0000000084800000| Untracked 
|  19|0x0000000084900000, 0x0000000084a00000, 0x0000000084a00000|100%| O|  |TAMS 0x0000000084a00000, 0x0000000084900000| Untracked 
|  20|0x0000000084a00000, 0x0000000084b00000, 0x0000000084b00000|100%| O|  |TAMS 0x0000000084b00000, 0x0000000084a00000| Untracked 
|  21|0x0000000084b00000, 0x0000000084c00000, 0x0000000084c00000|100%| O|  |TAMS 0x0000000084c00000, 0x0000000084b00000| Untracked 
|  22|0x0000000084c00000, 0x0000000084d00000, 0x0000000084d00000|100%|HS|  |TAMS 0x0000000084c00000, 0x0000000084c00000| Complete 
|  23|0x0000000084d00000, 0x0000000084d00000, 0x0000000084e00000|  0%| F|  |TAMS 0x0000000084d00000, 0x0000000084d00000| Untracked 
|  24|0x0000000084e00000, 0x0000000084e00000, 0x0000000084f00000|  0%| F|  |TAMS 0x0000000084e00000, 0x0000000084e00000| Untracked 
|  25|0x0000000084f00000, 0x0000000084f00000, 0x0000000085000000|  0%| F|  |TAMS 0x0000000084f00000, 0x0000000084f00000| Untracked 
|  26|0x0000000085000000, 0x0000000085000000, 0x0000000085100000|  0%| F|  |TAMS 0x0000000085000000, 0x0000000085000000| Untracked 
|  27|0x0000000085100000, 0x0000000085100000, 0x0000000085200000|  0%| F|  |TAMS 0x0000000085100000, 0x0000000085100000| Untracked 
|  28|0x0000000085200000, 0x0000000085200000, 0x0000000085300000|  0%| F|  |TAMS 0x0000000085200000, 0x0000000085200000| Untracked 
|  29|0x0000000085300000, 0x0000000085300000, 0x0000000085400000|  0%| F|  |TAMS 0x0000000085300000, 0x0000000085300000| Untracked 
|  30|0x0000000085400000, 0x0000000085400000, 0x0000000085500000|  0%| F|  |TAMS 0x0000000085400000, 0x0000000085400000| Untracked 
|  31|0x0000000085500000, 0x0000000085500000, 0x0000000085600000|  0%| F|  |TAMS 0x0000000085500000, 0x0000000085500000| Untracked 
|  32|0x0000000085600000, 0x0000000085600000, 0x0000000085700000|  0%| F|  |TAMS 0x0000000085600000, 0x0000000085600000| Untracked 
|  33|0x0000000085700000, 0x0000000085700000, 0x0000000085800000|  0%| F|  |TAMS 0x0000000085700000, 0x0000000085700000| Untracked 
|  34|0x0000000085800000, 0x0000000085800000, 0x0000000085900000|  0%| F|  |TAMS 0x0000000085800000, 0x0000000085800000| Untracked 
|  35|0x0000000085900000, 0x0000000085900000, 0x0000000085a00000|  0%| F|  |TAMS 0x0000000085900000, 0x0000000085900000| Untracked 
|  36|0x0000000085a00000, 0x0000000085a00000, 0x0000000085b00000|  0%| F|  |TAMS 0x0000000085a00000, 0x0000000085a00000| Untracked 
|  37|0x0000000085b00000, 0x0000000085b00000, 0x0000000085c00000|  0%| F|  |TAMS 0x0000000085b00000, 0x0000000085b00000| Untracked 
|  38|0x0000000085c00000, 0x0000000085c00000, 0x0000000085d00000|  0%| F|  |TAMS 0x0000000085c00000, 0x0000000085c00000| Untracked 
|  39|0x0000000085d00000, 0x0000000085d00000, 0x0000000085e00000|  0%| F|  |TAMS 0x0000000085d00000, 0x0000000085d00000| Untracked 
|  40|0x0000000085e00000, 0x0000000085e00000, 0x0000000085f00000|  0%| F|  |TAMS 0x0000000085e00000, 0x0000000085e00000| Untracked 
|  41|0x0000000085f00000, 0x0000000085f00000, 0x0000000086000000|  0%| F|  |TAMS 0x0000000085f00000, 0x0000000085f00000| Untracked 
|  42|0x0000000086000000, 0x0000000086000000, 0x0000000086100000|  0%| F|  |TAMS 0x0000000086000000, 0x0000000086000000| Untracked 
|  43|0x0000000086100000, 0x0000000086100000, 0x0000000086200000|  0%| F|  |TAMS 0x0000000086100000, 0x0000000086100000| Untracked 
|  44|0x0000000086200000, 0x0000000086200000, 0x0000000086300000|  0%| F|  |TAMS 0x0000000086200000, 0x0000000086200000| Untracked 
|  45|0x0000000086300000, 0x0000000086300000, 0x0000000086400000|  0%| F|  |TAMS 0x0000000086300000, 0x0000000086300000| Untracked 
|  46|0x0000000086400000, 0x0000000086400000, 0x0000000086500000|  0%| F|  |TAMS 0x0000000086400000, 0x0000000086400000| Untracked 
|  47|0x0000000086500000, 0x0000000086500000, 0x0000000086600000|  0%| F|  |TAMS 0x0000000086500000, 0x0000000086500000| Untracked 
|  48|0x0000000086600000, 0x0000000086600000, 0x0000000086700000|  0%| F|  |TAMS 0x0000000086600000, 0x0000000086600000| Untracked 
|  49|0x0000000086700000, 0x0000000086700000, 0x0000000086800000|  0%| F|  |TAMS 0x0000000086700000, 0x0000000086700000| Untracked 
|  50|0x0000000086800000, 0x0000000086800000, 0x0000000086900000|  0%| F|  |TAMS 0x0000000086800000, 0x0000000086800000| Untracked 
|  51|0x0000000086900000, 0x0000000086900000, 0x0000000086a00000|  0%| F|  |TAMS 0x0000000086900000, 0x0000000086900000| Untracked 
|  52|0x0000000086a00000, 0x0000000086a00000, 0x0000000086b00000|  0%| F|  |TAMS 0x0000000086a00000, 0x0000000086a00000| Untracked 
|  53|0x0000000086b00000, 0x0000000086b00000, 0x0000000086c00000|  0%| F|  |TAMS 0x0000000086b00000, 0x0000000086b00000| Untracked 
|  54|0x0000000086c00000, 0x0000000086c00000, 0x0000000086d00000|  0%| F|  |TAMS 0x0000000086c00000, 0x0000000086c00000| Untracked 
|  55|0x0000000086d00000, 0x0000000086d00000, 0x0000000086e00000|  0%| F|  |TAMS 0x0000000086d00000, 0x0000000086d00000| Untracked 
|  56|0x0000000086e00000, 0x0000000086e00000, 0x0000000086f00000|  0%| F|  |TAMS 0x0000000086e00000, 0x0000000086e00000| Untracked 
|  57|0x0000000086f00000, 0x0000000086f00000, 0x0000000087000000|  0%| F|  |TAMS 0x0000000086f00000, 0x0000000086f00000| Untracked 
|  58|0x0000000087000000, 0x0000000087000000, 0x0000000087100000|  0%| F|  |TAMS 0x0000000087000000, 0x0000000087000000| Untracked 
|  59|0x0000000087100000, 0x0000000087100000, 0x0000000087200000|  0%| F|  |TAMS 0x0000000087100000, 0x0000000087100000| Untracked 
|  60|0x0000000087200000, 0x000000008729da60, 0x0000000087300000| 61%| S|CS|TAMS 0x0000000087200000, 0x0000000087200000| Complete 
|  61|0x0000000087300000, 0x0000000087400000, 0x0000000087400000|100%| S|CS|TAMS 0x0000000087300000, 0x0000000087300000| Complete 
|  62|0x0000000087400000, 0x0000000087500000, 0x0000000087500000|100%| S|CS|TAMS 0x0000000087400000, 0x0000000087400000| Complete 
|  63|0x0000000087500000, 0x0000000087600000, 0x0000000087600000|100%| S|CS|TAMS 0x0000000087500000, 0x0000000087500000| Complete 
|  64|0x0000000087600000, 0x0000000087700000, 0x0000000087700000|100%| S|CS|TAMS 0x0000000087600000, 0x0000000087600000| Complete 
|  65|0x0000000087700000, 0x0000000087800000, 0x0000000087800000|100%| S|CS|TAMS 0x0000000087700000, 0x0000000087700000| Complete 
|  66|0x0000000087800000, 0x0000000087900000, 0x0000000087900000|100%| S|CS|TAMS 0x0000000087800000, 0x0000000087800000| Complete 
|  67|0x0000000087900000, 0x0000000087a00000, 0x0000000087a00000|100%| S|CS|TAMS 0x0000000087900000, 0x0000000087900000| Complete 
|  68|0x0000000087a00000, 0x0000000087a00000, 0x0000000087b00000|  0%| F|  |TAMS 0x0000000087a00000, 0x0000000087a00000| Untracked 
|  69|0x0000000087b00000, 0x0000000087b00000, 0x0000000087c00000|  0%| F|  |TAMS 0x0000000087b00000, 0x0000000087b00000| Untracked 
|  70|0x0000000087c00000, 0x0000000087c00000, 0x0000000087d00000|  0%| F|  |TAMS 0x0000000087c00000, 0x0000000087c00000| Untracked 
|  71|0x0000000087d00000, 0x0000000087d00000, 0x0000000087e00000|  0%| F|  |TAMS 0x0000000087d00000, 0x0000000087d00000| Untracked 
|  72|0x0000000087e00000, 0x0000000087e00000, 0x0000000087f00000|  0%| F|  |TAMS 0x0000000087e00000, 0x0000000087e00000| Untracked 
|  73|0x0000000087f00000, 0x0000000087f00000, 0x0000000088000000|  0%| F|  |TAMS 0x0000000087f00000, 0x0000000087f00000| Untracked 
|  74|0x0000000088000000, 0x0000000088000000, 0x0000000088100000|  0%| F|  |TAMS 0x0000000088000000, 0x0000000088000000| Untracked 
|  75|0x0000000088100000, 0x0000000088100000, 0x0000000088200000|  0%| F|  |TAMS 0x0000000088100000, 0x0000000088100000| Untracked 
|  76|0x0000000088200000, 0x0000000088200000, 0x0000000088300000|  0%| F|  |TAMS 0x0000000088200000, 0x0000000088200000| Untracked 
|  77|0x0000000088300000, 0x0000000088300000, 0x0000000088400000|  0%| F|  |TAMS 0x0000000088300000, 0x0000000088300000| Untracked 
|  78|0x0000000088400000, 0x0000000088400000, 0x0000000088500000|  0%| F|  |TAMS 0x0000000088400000, 0x0000000088400000| Untracked 
|  79|0x0000000088500000, 0x0000000088500000, 0x0000000088600000|  0%| F|  |TAMS 0x0000000088500000, 0x0000000088500000| Untracked 
|  80|0x0000000088600000, 0x0000000088600000, 0x0000000088700000|  0%| F|  |TAMS 0x0000000088600000, 0x0000000088600000| Untracked 
|  81|0x0000000088700000, 0x0000000088700000, 0x0000000088800000|  0%| F|  |TAMS 0x0000000088700000, 0x0000000088700000| Untracked 
|  82|0x0000000088800000, 0x0000000088800000, 0x0000000088900000|  0%| F|  |TAMS 0x0000000088800000, 0x0000000088800000| Untracked 
|  83|0x0000000088900000, 0x0000000088900000, 0x0000000088a00000|  0%| F|  |TAMS 0x0000000088900000, 0x0000000088900000| Untracked 
|  84|0x0000000088a00000, 0x0000000088a00000, 0x0000000088b00000|  0%| F|  |TAMS 0x0000000088a00000, 0x0000000088a00000| Untracked 
|  85|0x0000000088b00000, 0x0000000088b00000, 0x0000000088c00000|  0%| F|  |TAMS 0x0000000088b00000, 0x0000000088b00000| Untracked 
|  86|0x0000000088c00000, 0x0000000088c00000, 0x0000000088d00000|  0%| F|  |TAMS 0x0000000088c00000, 0x0000000088c00000| Untracked 
|  87|0x0000000088d00000, 0x0000000088d00000, 0x0000000088e00000|  0%| F|  |TAMS 0x0000000088d00000, 0x0000000088d00000| Untracked 
|  88|0x0000000088e00000, 0x0000000088e00000, 0x0000000088f00000|  0%| F|  |TAMS 0x0000000088e00000, 0x0000000088e00000| Untracked 
|  89|0x0000000088f00000, 0x0000000088f00000, 0x0000000089000000|  0%| F|  |TAMS 0x0000000088f00000, 0x0000000088f00000| Untracked 
|  90|0x0000000089000000, 0x0000000089000000, 0x0000000089100000|  0%| F|  |TAMS 0x0000000089000000, 0x0000000089000000| Untracked 
|  91|0x0000000089100000, 0x0000000089100000, 0x0000000089200000|  0%| F|  |TAMS 0x0000000089100000, 0x0000000089100000| Untracked 
|  92|0x0000000089200000, 0x0000000089200000, 0x0000000089300000|  0%| F|  |TAMS 0x0000000089200000, 0x0000000089200000| Untracked 
|  93|0x0000000089300000, 0x0000000089300000, 0x0000000089400000|  0%| F|  |TAMS 0x0000000089300000, 0x0000000089300000| Untracked 
|  94|0x0000000089400000, 0x0000000089400000, 0x0000000089500000|  0%| F|  |TAMS 0x0000000089400000, 0x0000000089400000| Untracked 
|  95|0x0000000089500000, 0x0000000089500000, 0x0000000089600000|  0%| F|  |TAMS 0x0000000089500000, 0x0000000089500000| Untracked 
|  96|0x0000000089600000, 0x0000000089600000, 0x0000000089700000|  0%| F|  |TAMS 0x0000000089600000, 0x0000000089600000| Untracked 
|  97|0x0000000089700000, 0x0000000089700000, 0x0000000089800000|  0%| F|  |TAMS 0x0000000089700000, 0x0000000089700000| Untracked 
|  98|0x0000000089800000, 0x0000000089800000, 0x0000000089900000|  0%| F|  |TAMS 0x0000000089800000, 0x0000000089800000| Untracked 
|  99|0x0000000089900000, 0x0000000089900000, 0x0000000089a00000|  0%| F|  |TAMS 0x0000000089900000, 0x0000000089900000| Untracked 
| 100|0x0000000089a00000, 0x0000000089a00000, 0x0000000089b00000|  0%| F|  |TAMS 0x0000000089a00000, 0x0000000089a00000| Untracked 
| 101|0x0000000089b00000, 0x0000000089b00000, 0x0000000089c00000|  0%| F|  |TAMS 0x0000000089b00000, 0x0000000089b00000| Untracked 
| 102|0x0000000089c00000, 0x0000000089c00000, 0x0000000089d00000|  0%| F|  |TAMS 0x0000000089c00000, 0x0000000089c00000| Untracked 
| 103|0x0000000089d00000, 0x0000000089d00000, 0x0000000089e00000|  0%| F|  |TAMS 0x0000000089d00000, 0x0000000089d00000| Untracked 
| 104|0x0000000089e00000, 0x0000000089e00000, 0x0000000089f00000|  0%| F|  |TAMS 0x0000000089e00000, 0x0000000089e00000| Untracked 
| 105|0x0000000089f00000, 0x0000000089f80800, 0x000000008a000000| 50%| E|  |TAMS 0x0000000089f00000, 0x0000000089f00000| Complete 
| 106|0x000000008a000000, 0x000000008a100000, 0x000000008a100000|100%| E|CS|TAMS 0x000000008a000000, 0x000000008a000000| Complete 
| 107|0x000000008a100000, 0x000000008a200000, 0x000000008a200000|100%| E|CS|TAMS 0x000000008a100000, 0x000000008a100000| Complete 
| 108|0x000000008a200000, 0x000000008a300000, 0x000000008a300000|100%| E|CS|TAMS 0x000000008a200000, 0x000000008a200000| Complete 
| 109|0x000000008a300000, 0x000000008a400000, 0x000000008a400000|100%| E|CS|TAMS 0x000000008a300000, 0x000000008a300000| Complete 
| 110|0x000000008a400000, 0x000000008a500000, 0x000000008a500000|100%| E|CS|TAMS 0x000000008a400000, 0x000000008a400000| Complete 
| 111|0x000000008a500000, 0x000000008a600000, 0x000000008a600000|100%| E|CS|TAMS 0x000000008a500000, 0x000000008a500000| Complete 
| 112|0x000000008a600000, 0x000000008a700000, 0x000000008a700000|100%| E|CS|TAMS 0x000000008a600000, 0x000000008a600000| Complete 
| 113|0x000000008a700000, 0x000000008a800000, 0x000000008a800000|100%| E|CS|TAMS 0x000000008a700000, 0x000000008a700000| Complete 
| 114|0x000000008a800000, 0x000000008a900000, 0x000000008a900000|100%| E|CS|TAMS 0x000000008a800000, 0x000000008a800000| Complete 
| 115|0x000000008a900000, 0x000000008aa00000, 0x000000008aa00000|100%| E|CS|TAMS 0x000000008a900000, 0x000000008a900000| Complete 
| 116|0x000000008aa00000, 0x000000008ab00000, 0x000000008ab00000|100%| E|CS|TAMS 0x000000008aa00000, 0x000000008aa00000| Complete 
| 117|0x000000008ab00000, 0x000000008ac00000, 0x000000008ac00000|100%| E|CS|TAMS 0x000000008ab00000, 0x000000008ab00000| Complete 
| 118|0x000000008ac00000, 0x000000008ad00000, 0x000000008ad00000|100%| E|CS|TAMS 0x000000008ac00000, 0x000000008ac00000| Complete 
| 119|0x000000008ad00000, 0x000000008ae00000, 0x000000008ae00000|100%| E|CS|TAMS 0x000000008ad00000, 0x000000008ad00000| Complete 
| 120|0x000000008ae00000, 0x000000008af00000, 0x000000008af00000|100%| E|CS|TAMS 0x000000008ae00000, 0x000000008ae00000| Complete 
| 121|0x000000008af00000, 0x000000008b000000, 0x000000008b000000|100%| E|CS|TAMS 0x000000008af00000, 0x000000008af00000| Complete 
| 122|0x000000008b000000, 0x000000008b100000, 0x000000008b100000|100%| E|CS|TAMS 0x000000008b000000, 0x000000008b000000| Complete 
| 123|0x000000008b100000, 0x000000008b200000, 0x000000008b200000|100%| E|CS|TAMS 0x000000008b100000, 0x000000008b100000| Complete 
| 124|0x000000008b200000, 0x000000008b300000, 0x000000008b300000|100%| E|CS|TAMS 0x000000008b200000, 0x000000008b200000| Complete 
| 125|0x000000008b300000, 0x000000008b400000, 0x000000008b400000|100%| E|CS|TAMS 0x000000008b300000, 0x000000008b300000| Complete 
| 126|0x000000008b400000, 0x000000008b500000, 0x000000008b500000|100%| E|CS|TAMS 0x000000008b400000, 0x000000008b400000| Complete 
| 127|0x000000008b500000, 0x000000008b600000, 0x000000008b600000|100%| E|CS|TAMS 0x000000008b500000, 0x000000008b500000| Complete 
| 128|0x000000008b600000, 0x000000008b700000, 0x000000008b700000|100%| E|CS|TAMS 0x000000008b600000, 0x000000008b600000| Complete 
| 129|0x000000008b700000, 0x000000008b800000, 0x000000008b800000|100%| E|CS|TAMS 0x000000008b700000, 0x000000008b700000| Complete 
| 130|0x000000008b800000, 0x000000008b900000, 0x000000008b900000|100%| E|CS|TAMS 0x000000008b800000, 0x000000008b800000| Complete 
| 131|0x000000008b900000, 0x000000008ba00000, 0x000000008ba00000|100%| E|CS|TAMS 0x000000008b900000, 0x000000008b900000| Complete 
| 132|0x000000008ba00000, 0x000000008bb00000, 0x000000008bb00000|100%| E|CS|TAMS 0x000000008ba00000, 0x000000008ba00000| Complete 
| 133|0x000000008bb00000, 0x000000008bc00000, 0x000000008bc00000|100%| E|CS|TAMS 0x000000008bb00000, 0x000000008bb00000| Complete 
| 134|0x000000008bc00000, 0x000000008bd00000, 0x000000008bd00000|100%| E|CS|TAMS 0x000000008bc00000, 0x000000008bc00000| Complete 
| 135|0x000000008bd00000, 0x000000008be00000, 0x000000008be00000|100%| E|CS|TAMS 0x000000008bd00000, 0x000000008bd00000| Complete 
| 136|0x000000008be00000, 0x000000008bf00000, 0x000000008bf00000|100%| E|CS|TAMS 0x000000008be00000, 0x000000008be00000| Complete 
| 137|0x000000008bf00000, 0x000000008c000000, 0x000000008c000000|100%| E|CS|TAMS 0x000000008bf00000, 0x000000008bf00000| Complete 
| 138|0x000000008c000000, 0x000000008c100000, 0x000000008c100000|100%| E|CS|TAMS 0x000000008c000000, 0x000000008c000000| Complete 
| 139|0x000000008c100000, 0x000000008c200000, 0x000000008c200000|100%| E|CS|TAMS 0x000000008c100000, 0x000000008c100000| Complete 
| 140|0x000000008c200000, 0x000000008c300000, 0x000000008c300000|100%| E|CS|TAMS 0x000000008c200000, 0x000000008c200000| Complete 
| 141|0x000000008c300000, 0x000000008c400000, 0x000000008c400000|100%| E|CS|TAMS 0x000000008c300000, 0x000000008c300000| Complete 
| 142|0x000000008c400000, 0x000000008c500000, 0x000000008c500000|100%| E|CS|TAMS 0x000000008c400000, 0x000000008c400000| Complete 
| 143|0x000000008c500000, 0x000000008c600000, 0x000000008c600000|100%| E|CS|TAMS 0x000000008c500000, 0x000000008c500000| Complete 
| 144|0x000000008c600000, 0x000000008c700000, 0x000000008c700000|100%| E|CS|TAMS 0x000000008c600000, 0x000000008c600000| Complete 
| 145|0x000000008c700000, 0x000000008c800000, 0x000000008c800000|100%| E|CS|TAMS 0x000000008c700000, 0x000000008c700000| Complete 
| 146|0x000000008c800000, 0x000000008c900000, 0x000000008c900000|100%| E|CS|TAMS 0x000000008c800000, 0x000000008c800000| Complete 
| 147|0x000000008c900000, 0x000000008ca00000, 0x000000008ca00000|100%| E|CS|TAMS 0x000000008c900000, 0x000000008c900000| Complete 
| 148|0x000000008ca00000, 0x000000008cb00000, 0x000000008cb00000|100%| E|CS|TAMS 0x000000008ca00000, 0x000000008ca00000| Complete 
| 149|0x000000008cb00000, 0x000000008cc00000, 0x000000008cc00000|100%| E|CS|TAMS 0x000000008cb00000, 0x000000008cb00000| Complete 
| 150|0x000000008cc00000, 0x000000008cd00000, 0x000000008cd00000|100%| E|CS|TAMS 0x000000008cc00000, 0x000000008cc00000| Complete 
| 151|0x000000008cd00000, 0x000000008ce00000, 0x000000008ce00000|100%| E|CS|TAMS 0x000000008cd00000, 0x000000008cd00000| Complete 

Card table byte_map: [0x000001cd69fc0000,0x000001cd6a3b0000] _byte_map_base: 0x000001cd69ba5000

Marking Bits (Prev, Next): (CMBitMap*) 0x000001cd570e11a0, (CMBitMap*) 0x000001cd570e1168
 Prev Bits: [0x000001cd6c6d0000, 0x000001cd6e5f8000)
 Next Bits: [0x000001cd6a7a0000, 0x000001cd6c6c8000)

Polling page: 0x000001cd56880000

Metaspace:

Usage:
  Non-class:     45.15 MB capacity,    44.84 MB (>99%) used,   244.16 KB ( <1%) free+waste,    79.00 KB ( <1%) overhead. 
      Class:      6.16 MB capacity,     5.92 MB ( 96%) used,   207.75 KB (  3%) free+waste,    36.12 KB ( <1%) overhead. 
       Both:     51.31 MB capacity,    50.76 MB ( 99%) used,   451.91 KB ( <1%) free+waste,   115.12 KB ( <1%) overhead. 

Virtual space:
  Non-class space:       46.00 MB reserved,      45.21 MB ( 98%) committed 
      Class space:        1.00 GB reserved,       6.25 MB ( <1%) committed 
             Both:        1.04 GB reserved,      51.45 MB (  5%) committed 

Chunk freelists:
   Non-Class:  56.00 KB
       Class:  31.00 KB
        Both:  87.00 KB

MaxMetaspaceSize: 17179869184.00 GB
CompressedClassSpaceSize: 1.00 GB
Initial GC threshold: 20.80 MB
Current GC threshold: 78.26 MB
CDS: off

CodeHeap 'non-profiled nmethods': size=120064Kb used=1753Kb max_used=1753Kb free=118310Kb
 bounds [0x000001cd62690000, 0x000001cd62900000, 0x000001cd69bd0000]
CodeHeap 'profiled nmethods': size=120000Kb used=8207Kb max_used=8207Kb free=111792Kb
 bounds [0x000001cd5b160000, 0x000001cd5b970000, 0x000001cd62690000]
CodeHeap 'non-nmethods': size=5696Kb used=1290Kb max_used=1340Kb free=4405Kb
 bounds [0x000001cd5abd0000, 0x000001cd5ae40000, 0x000001cd5b160000]
 total_blobs=4484 nmethods=3915 adapters=480
 compilation: enabled
              stopped_count=0, restarted_count=0
 full_count=0

Compilation events (20 events):
Event: 2.671 Thread 0x000001cd70b26000 3837       3       org.jetbrains.kotlin.com.intellij.lang.impl.PsiBuilderImpl::insertLeaves (88 bytes)
Event: 2.672 Thread 0x000001cd70b26000 nmethod 3837 0x000001cd5b92b210 code [0x000001cd5b92b440, 0x000001cd5b92bbc8]
Event: 2.672 Thread 0x000001cd70b26000 3835       3       org.jetbrains.kotlin.com.intellij.psi.impl.source.tree.SharedImplUtil::findFileElement (65 bytes)
Event: 2.672 Thread 0x000001cd70b26000 nmethod 3835 0x000001cd5b92bf10 code [0x000001cd5b92c120, 0x000001cd5b92c7e8]
Event: 2.672 Thread 0x000001cd70b26000 3833       3       org.jetbrains.kotlin.com.intellij.psi.impl.source.tree.TreeElement::rawRemoveUpToWithoutNotifications (247 bytes)
Event: 2.673 Thread 0x000001cd70b26000 nmethod 3833 0x000001cd5b92c990 code [0x000001cd5b92cd60, 0x000001cd5b92e6c8]
Event: 2.673 Thread 0x000001cd70b26000 3834       3       org.jetbrains.kotlin.com.intellij.psi.impl.source.tree.CompositeElement::rawAddChildrenWithoutNotifications (47 bytes)
Event: 2.674 Thread 0x000001cd70b26000 nmethod 3834 0x000001cd5b92ef10 code [0x000001cd5b92f140, 0x000001cd5b92f688]
Event: 2.674 Thread 0x000001cd70b26000 3836       3       org.jetbrains.kotlin.com.intellij.util.text.ImmutableText$Leaf8BitNode::length (6 bytes)
Event: 2.674 Thread 0x000001cd70b26000 nmethod 3836 0x000001cd5b92f810 code [0x000001cd5b92f9c0, 0x000001cd5b92fad8]
Event: 2.674 Thread 0x000001cd70b26000 3838       3       org.jetbrains.kotlin.com.intellij.psi.impl.source.CharTableImpl$StringHashToCharSequencesMap::getOrAddSubSequenceWithHashCode (271 bytes)
Event: 2.675 Thread 0x000001cd70b26000 nmethod 3838 0x000001cd5b92fb90 code [0x000001cd5b92fec0, 0x000001cd5b9313d8]
Event: 2.675 Thread 0x000001cd70b26000 3841       3       org.jetbrains.kotlin.com.intellij.openapi.util.text.Strings::stringHashCode (46 bytes)
Event: 2.675 Thread 0x000001cd70b26000 nmethod 3841 0x000001cd5b931990 code [0x000001cd5b931b60, 0x000001cd5b931e58]
Event: 2.675 Thread 0x000001cd70b26000 3839       3       org.jetbrains.kotlin.com.intellij.lang.ASTFactory::factory (14 bytes)
Event: 2.675 Thread 0x000001cd70b26000 nmethod 3839 0x000001cd5b931f90 code [0x000001cd5b932160, 0x000001cd5b932538]
Event: 2.675 Thread 0x000001cd70b26000 3840       3       org.jetbrains.kotlin.com.intellij.psi.impl.source.tree.CompositeElement::<init> (24 bytes)
Event: 2.675 Thread 0x000001cd70b26000 nmethod 3840 0x000001cd5b932690 code [0x000001cd5b932880, 0x000001cd5b932cd8]
Event: 2.676 Thread 0x000001cd70b26000 3842       3       org.jetbrains.kotlin.com.intellij.psi.tree.TokenSet::doCreate (211 bytes)
Event: 2.676 Thread 0x000001cd70b26000 nmethod 3842 0x000001cd5b932e90 code [0x000001cd5b9330a0, 0x000001cd5b9335d8]

GC Heap History (10 events):
Event: 0.265 GC heap before
{Heap before GC invocations=0 (full 0):
 garbage-first heap   total 129024K, used 18432K [0x0000000083600000, 0x0000000100000000)
  region size 1024K, 14 young (14336K), 0 survivors (0K)
 Metaspace       used 9477K, capacity 9615K, committed 9856K, reserved 1058816K
  class space    used 781K, capacity 820K, committed 896K, reserved 1048576K
}
Event: 0.267 GC heap after
{Heap after GC invocations=1 (full 0):
 garbage-first heap   total 129024K, used 6373K [0x0000000083600000, 0x0000000100000000)
  region size 1024K, 2 young (2048K), 2 survivors (2048K)
 Metaspace       used 9477K, capacity 9615K, committed 9856K, reserved 1058816K
  class space    used 781K, capacity 820K, committed 896K, reserved 1048576K
}
Event: 0.786 GC heap before
{Heap before GC invocations=1 (full 0):
 garbage-first heap   total 129024K, used 54501K [0x0000000083600000, 0x0000000100000000)
  region size 1024K, 50 young (51200K), 2 survivors (2048K)
 Metaspace       used 21030K, capacity 21190K, committed 21248K, reserved 1069056K
  class space    used 2219K, capacity 2304K, committed 2304K, reserved 1048576K
}
Event: 0.794 GC heap after
{Heap after GC invocations=2 (full 0):
 garbage-first heap   total 129024K, used 10522K [0x0000000083600000, 0x0000000100000000)
  region size 1024K, 7 young (7168K), 7 survivors (7168K)
 Metaspace       used 21030K, capacity 21190K, committed 21248K, reserved 1069056K
  class space    used 2219K, capacity 2304K, committed 2304K, reserved 1048576K
}
Event: 1.377 GC heap before
{Heap before GC invocations=3 (full 0):
 garbage-first heap   total 129024K, used 65818K [0x0000000083600000, 0x0000000100000000)
  region size 1024K, 55 young (56320K), 7 survivors (7168K)
 Metaspace       used 32513K, capacity 32930K, committed 33276K, reserved 1079296K
  class space    used 4037K, capacity 4209K, committed 4348K, reserved 1048576K
}
Event: 1.389 GC heap after
{Heap after GC invocations=4 (full 0):
 garbage-first heap   total 129024K, used 22961K [0x0000000083600000, 0x0000000100000000)
  region size 1024K, 7 young (7168K), 7 survivors (7168K)
 Metaspace       used 32513K, capacity 32930K, committed 33276K, reserved 1079296K
  class space    used 4037K, capacity 4209K, committed 4348K, reserved 1048576K
}
Event: 1.531 GC heap before
{Heap before GC invocations=4 (full 0):
 garbage-first heap   total 129024K, used 38321K [0x0000000083600000, 0x0000000100000000)
  region size 1024K, 23 young (23552K), 7 survivors (7168K)
 Metaspace       used 35559K, capacity 35917K, committed 36048K, reserved 1081344K
  class space    used 4347K, capacity 4501K, committed 4604K, reserved 1048576K
}
Event: 1.537 GC heap after
{Heap after GC invocations=5 (full 0):
 garbage-first heap   total 129024K, used 23252K [0x0000000083600000, 0x0000000100000000)
  region size 1024K, 3 young (3072K), 3 survivors (3072K)
 Metaspace       used 35559K, capacity 35917K, committed 36048K, reserved 1081344K
  class space    used 4347K, capacity 4501K, committed 4604K, reserved 1048576K
}
Event: 2.241 GC heap before
{Heap before GC invocations=6 (full 0):
 garbage-first heap   total 129024K, used 81620K [0x0000000083600000, 0x0000000100000000)
  region size 1024K, 58 young (59392K), 3 survivors (3072K)
 Metaspace       used 47469K, capacity 47927K, committed 48080K, reserved 1091584K
  class space    used 5578K, capacity 5774K, committed 5884K, reserved 1048576K
}
Event: 2.251 GC heap after
{Heap after GC invocations=7 (full 0):
 garbage-first heap   total 155648K, used 30326K [0x0000000083600000, 0x0000000100000000)
  region size 1024K, 8 young (8192K), 8 survivors (8192K)
 Metaspace       used 47469K, capacity 47927K, committed 48080K, reserved 1091584K
  class space    used 5578K, capacity 5774K, committed 5884K, reserved 1048576K
}

Deoptimization events (20 events):
Event: 2.533 Thread 0x000001cd570a2000 Uncommon trap: trap_request=0xffffffc6 fr.pc=0x000001cd628058e8 relative=0x0000000000000408
Event: 2.533 Thread 0x000001cd570a2000 Uncommon trap: reason=bimorphic_or_optimized_type_check action=maybe_recompile pc=0x000001cd628058e8 method=kotlin.SynchronizedLazyImpl.getValue()Ljava/lang/Object; @ 54 c2
Event: 2.533 Thread 0x000001cd570a2000 DEOPT PACKING pc=0x000001cd628058e8 sp=0x0000004b328fab20
Event: 2.533 Thread 0x000001cd570a2000 DEOPT UNPACKING pc=0x000001cd5abd85af sp=0x0000004b328faac0 mode 2
Event: 2.561 Thread 0x000001cd570a2000 Uncommon trap: trap_request=0xffffffc6 fr.pc=0x000001cd628058e8 relative=0x0000000000000408
Event: 2.561 Thread 0x000001cd570a2000 Uncommon trap: reason=bimorphic_or_optimized_type_check action=maybe_recompile pc=0x000001cd628058e8 method=kotlin.SynchronizedLazyImpl.getValue()Ljava/lang/Object; @ 54 c2
Event: 2.561 Thread 0x000001cd570a2000 DEOPT PACKING pc=0x000001cd628058e8 sp=0x0000004b328fb920
Event: 2.561 Thread 0x000001cd570a2000 DEOPT UNPACKING pc=0x000001cd5abd85af sp=0x0000004b328fb8c0 mode 2
Event: 2.565 Thread 0x000001cd570a2000 Uncommon trap: trap_request=0xffffffc6 fr.pc=0x000001cd628058e8 relative=0x0000000000000408
Event: 2.565 Thread 0x000001cd570a2000 Uncommon trap: reason=bimorphic_or_optimized_type_check action=maybe_recompile pc=0x000001cd628058e8 method=kotlin.SynchronizedLazyImpl.getValue()Ljava/lang/Object; @ 54 c2
Event: 2.565 Thread 0x000001cd570a2000 DEOPT PACKING pc=0x000001cd628058e8 sp=0x0000004b328fc4b0
Event: 2.565 Thread 0x000001cd570a2000 DEOPT UNPACKING pc=0x000001cd5abd85af sp=0x0000004b328fc450 mode 2
Event: 2.569 Thread 0x000001cd570a2000 Uncommon trap: trap_request=0xffffff4d fr.pc=0x000001cd6280cb44 relative=0x0000000000003544
Event: 2.569 Thread 0x000001cd570a2000 Uncommon trap: reason=unstable_if action=reinterpret pc=0x000001cd6280cb44 method=org.jetbrains.org.objectweb.asm.ClassReader.readMethod(Lorg/jetbrains/org/objectweb/asm/ClassVisitor;Lorg/jetbrains/org/objectweb/asm/Context;I)I @ 316 c2
Event: 2.569 Thread 0x000001cd570a2000 DEOPT PACKING pc=0x000001cd6280cb44 sp=0x0000004b328f9fe0
Event: 2.569 Thread 0x000001cd570a2000 DEOPT UNPACKING pc=0x000001cd5abd85af sp=0x0000004b328f9f68 mode 2
Event: 2.590 Thread 0x000001cd570a2000 Uncommon trap: trap_request=0xffffff4d fr.pc=0x000001cd62802da4 relative=0x00000000000007c4
Event: 2.590 Thread 0x000001cd570a2000 Uncommon trap: reason=unstable_if action=reinterpret pc=0x000001cd62802da4 method=gnu.trove.TObjectHash.insertionIndex(Ljava/lang/Object;)I @ 65 c2
Event: 2.590 Thread 0x000001cd570a2000 DEOPT PACKING pc=0x000001cd62802da4 sp=0x0000004b328fd3f0
Event: 2.590 Thread 0x000001cd570a2000 DEOPT UNPACKING pc=0x000001cd5abd85af sp=0x0000004b328fd360 mode 2

Classes redefined (0 events):
No events

Internal exceptions (20 events):
Event: 0.771 Thread 0x000001cd570a2000 Exception <a 'java/lang/NoSuchMethodError'{0x000000008848d8b0}: 'long java.lang.invoke.DirectMethodHandle$Holder.invokeStaticInit(java.lang.Object)'> (0x000000008848d8b0) thrown at [src/hotspot/share/interpreter/linkResolver.cpp, line 773]
Event: 0.785 Thread 0x000001cd570a2000 Exception <a 'java/lang/NoSuchMethodError'{0x00000000883fe950}: 'int java.lang.invoke.DirectMethodHandle$Holder.invokeSpecialIFC(java.lang.Object, java.lang.Object, int)'> (0x00000000883fe950) thrown at [src/hotspot/share/interpreter/linkResolver.cpp, line 773]
Event: 0.826 Thread 0x000001cd570a2000 Exception <a 'java/lang/NoSuchMethodError'{0x000000008b010a00}: 'int java.lang.invoke.DirectMethodHandle$Holder.invokeStaticInit(java.lang.Object, java.lang.Object, java.lang.Object)'> (0x000000008b010a00) thrown at [src/hotspot/share/interpreter/linkResolver.cpp, line 773]
Event: 0.828 Thread 0x000001cd570a2000 Exception <a 'java/lang/NoSuchMethodError'{0x000000008b03c2a0}: 'int java.lang.invoke.DirectMethodHandle$Holder.invokeStaticInit(java.lang.Object, java.lang.Object)'> (0x000000008b03c2a0) thrown at [src/hotspot/share/interpreter/linkResolver.cpp, line 773]
Event: 0.859 Thread 0x000001cd570a2000 Exception <a 'java/lang/NoSuchMethodError'{0x000000008ae50790}: 'void java.lang.invoke.DirectMethodHandle$Holder.invokeSpecial(java.lang.Object, java.lang.Object)'> (0x000000008ae50790) thrown at [src/hotspot/share/interpreter/linkResolver.cpp, line 773]
Event: 0.981 Thread 0x000001cd570a2000 Exception <a 'java/lang/NoSuchMethodError'{0x000000008a505c80}: 'java.lang.Object java.lang.invoke.DirectMethodHandle$Holder.invokeStatic(java.lang.Object, java.lang.Object, java.lang.Object, java.lang.Object, java.lang.Object, java.lang.Object, java.lang.Object, java.lang.Object, java.lang.Object, java.lang.Object, java.lang.Object, java.lang.Object, java.lang.Object, java.lang.Object, java.lang.Object)'> (0x000000008a505c80) thrown at [src/hotspot/share/interpreter/linkResolver.cpp, line 773]
Event: 0.982 Thread 0x000001cd570a2000 Exception <a 'java/lang/NoSuchMethodError'{0x000000008a513c88}: 'java.lang.Object java.lang.invoke.DirectMethodHandle$Holder.invokeStatic(java.lang.Object, java.lang.Object, java.lang.Object, java.lang.Object, java.lang.Object, java.lang.Object, java.lang.Object, java.lang.Object, java.lang.Object, java.lang.Object, java.lang.Object, java.lang.Object, java.lang.Object, java.lang.Object, java.lang.Object, java.lang.Object)'> (0x000000008a513c88) thrown at [src/hotspot/share/interpreter/linkResolver.cpp, lin
Event: 0.983 Thread 0x000001cd570a2000 Exception <a 'java/lang/NoSuchMethodError'{0x000000008a521ba0}: 'java.lang.Object java.lang.invoke.DirectMethodHandle$Holder.invokeSpecial(java.lang.Object, java.lang.Object, int, int, java.lang.Object, java.lang.Object, java.lang.Object)'> (0x000000008a521ba0) thrown at [src/hotspot/share/interpreter/linkResolver.cpp, line 773]
Event: 0.983 Thread 0x000001cd570a2000 Exception <a 'java/lang/NoSuchMethodError'{0x000000008a5253d8}: 'java.lang.Object java.lang.invoke.DelegatingMethodHandle$Holder.reinvoke_L(java.lang.Object, int, int, java.lang.Object, java.lang.Object, java.lang.Object)'> (0x000000008a5253d8) thrown at [src/hotspot/share/interpreter/linkResolver.cpp, line 773]
Event: 0.983 Thread 0x000001cd570a2000 Exception <a 'java/lang/NoSuchMethodError'{0x000000008a529760}: 'java.lang.Object java.lang.invoke.DirectMethodHandle$Holder.invokeStatic(java.lang.Object, java.lang.Object, java.lang.Object, java.lang.Object, int)'> (0x000000008a529760) thrown at [src/hotspot/share/interpreter/linkResolver.cpp, line 773]
Event: 1.007 Thread 0x000001cd570a2000 Exception <a 'java/lang/NoSuchMethodError'{0x000000008a44fc98}: 'void java.lang.invoke.DirectMethodHandle$Holder.invokeStatic(java.lang.Object, java.lang.Object, java.lang.Object, java.lang.Object)'> (0x000000008a44fc98) thrown at [src/hotspot/share/interpreter/linkResolver.cpp, line 773]
Event: 1.047 Thread 0x000001cd570a2000 Exception <a 'java/lang/NoSuchMethodError'{0x000000008a0388f8}: 'void java.lang.invoke.DirectMethodHandle$Holder.invokeStaticInit(java.lang.Object, java.lang.Object)'> (0x000000008a0388f8) thrown at [src/hotspot/share/interpreter/linkResolver.cpp, line 773]
Event: 1.098 Thread 0x000001cd570a2000 Exception <a 'java/lang/NoSuchMethodError'{0x0000000089c9b060}: 'void java.lang.invoke.DirectMethodHandle$Holder.invokeVirtual(java.lang.Object, java.lang.Object)'> (0x0000000089c9b060) thrown at [src/hotspot/share/interpreter/linkResolver.cpp, line 773]
Event: 1.105 Thread 0x000001cd570a2000 Exception <a 'java/lang/NoSuchMethodError'{0x0000000089b30998}: 'int java.lang.invoke.DirectMethodHandle$Holder.invokeVirtual(java.lang.Object, java.lang.Object)'> (0x0000000089b30998) thrown at [src/hotspot/share/interpreter/linkResolver.cpp, line 773]
Event: 1.509 Thread 0x000001cd570a2000 Exception <a 'java/lang/NoSuchMethodError'{0x000000008a7a9d80}: 'java.lang.Object java.lang.invoke.DirectMethodHandle$Holder.invokeVirtual(java.lang.Object, java.lang.Object, java.lang.Object)'> (0x000000008a7a9d80) thrown at [src/hotspot/share/interpreter/linkResolver.cpp, line 773]
Event: 2.008 Thread 0x000001cd570a2000 Exception <a 'java/lang/NoSuchMethodError'{0x00000000888fefa8}: 'java.lang.Object java.lang.invoke.DirectMethodHandle$Holder.invokeStatic(java.lang.Object, java.lang.Object, java.lang.Object, int)'> (0x00000000888fefa8) thrown at [src/hotspot/share/interpreter/linkResolver.cpp, line 773]
Event: 2.009 Thread 0x000001cd570a2000 Exception <a 'java/lang/NoSuchMethodError'{0x0000000088703470}: 'java.lang.Object java.lang.invoke.DirectMethodHandle$Holder.invokeSpecial(java.lang.Object, java.lang.Object, java.lang.Object, java.lang.Object, int)'> (0x0000000088703470) thrown at [src/hotspot/share/interpreter/linkResolver.cpp, line 773]
Event: 2.009 Thread 0x000001cd570a2000 Exception <a 'java/lang/NoSuchMethodError'{0x0000000088706780}: 'java.lang.Object java.lang.invoke.Invokers$Holder.linkToTargetMethod(java.lang.Object, java.lang.Object, int, java.lang.Object)'> (0x0000000088706780) thrown at [src/hotspot/share/interpreter/linkResolver.cpp, line 773]
Event: 2.050 Thread 0x000001cd570a2000 Implicit null exception at 0x000001cd6279a2f5 to 0x000001cd6279a3c4
Event: 2.146 Thread 0x000001cd570a2000 Exception <a 'java/lang/NoSuchMethodError'{0x0000000087fb9bc0}: 'java.lang.Object java.lang.invoke.Invokers$Holder.linkToTargetMethod(java.lang.Object, int, java.lang.Object)'> (0x0000000087fb9bc0) thrown at [src/hotspot/share/interpreter/linkResolver.cpp, line 773]

Events (20 events):
Event: 2.668 loading class org/jetbrains/kotlin/com/intellij/psi/PsiReference
Event: 2.668 loading class org/jetbrains/kotlin/com/intellij/psi/PsiReference done
Event: 2.668 loading class org/jetbrains/kotlin/com/intellij/util/ArrayFactory
Event: 2.668 loading class org/jetbrains/kotlin/com/intellij/util/ArrayFactory done
Event: 2.668 loading class org/jetbrains/kotlin/com/intellij/psi/impl/source/PsiJavaCodeReferenceElementImpl$Kind
Event: 2.668 loading class org/jetbrains/kotlin/com/intellij/psi/impl/source/PsiJavaCodeReferenceElementImpl$Kind done
Event: 2.669 loading class org/jetbrains/kotlin/com/intellij/psi/impl/source/tree/java/PsiReferenceParameterListImpl
Event: 2.669 loading class org/jetbrains/kotlin/com/intellij/psi/impl/source/tree/java/PsiReferenceParameterListImpl done
Event: 2.669 loading class org/jetbrains/kotlin/com/intellij/psi/PsiReferenceParameterList
Event: 2.669 loading class org/jetbrains/kotlin/com/intellij/psi/PsiReferenceParameterList done
Event: 2.670 loading class org/jetbrains/kotlin/com/intellij/psi/impl/source/tree/java/ImportListElement
Event: 2.670 loading class org/jetbrains/kotlin/com/intellij/psi/impl/source/tree/java/ImportListElement done
Event: 2.670 loading class org/jetbrains/kotlin/com/intellij/psi/impl/source/tree/java/ImportStatementElement
Event: 2.670 loading class org/jetbrains/kotlin/com/intellij/psi/impl/source/tree/java/ImportStatementElement done
Event: 2.670 loading class org/jetbrains/kotlin/com/intellij/psi/impl/source/tree/java/ImportStatementBaseElement
Event: 2.670 loading class org/jetbrains/kotlin/com/intellij/psi/impl/source/tree/java/ImportStatementBaseElement done
Event: 2.674 loading class org/jetbrains/kotlin/com/intellij/psi/impl/source/tree/java/ClassElement
Event: 2.674 loading class org/jetbrains/kotlin/com/intellij/psi/impl/source/tree/java/ClassElement done
Event: 2.676 loading class org/jetbrains/kotlin/com/intellij/psi/impl/source/tree/java/ModifierListElement
Event: 2.676 loading class org/jetbrains/kotlin/com/intellij/psi/impl/source/tree/java/ModifierListElement done


Dynamic libraries:
0x00007ff6afa80000 - 0x00007ff6afa8a000 	C:\Program Files\Android\Android Studio\jbr\bin\java.exe
0x00007ffb904d0000 - 0x00007ffb906c8000 	C:\Windows\SYSTEM32\ntdll.dll
0x00007ffb8fab0000 - 0x00007ffb8fb6f000 	C:\Windows\System32\KERNEL32.DLL
0x00007ffb8df30000 - 0x00007ffb8e202000 	C:\Windows\System32\KERNELBASE.dll
0x00007ffb8dd20000 - 0x00007ffb8de20000 	C:\Windows\System32\ucrtbase.dll
0x00007ffb6ff60000 - 0x00007ffb6ff7b000 	C:\Program Files\Android\Android Studio\jbr\bin\VCRUNTIME140.dll
0x00007ffb70000000 - 0x00007ffb70017000 	C:\Program Files\Android\Android Studio\jbr\bin\jli.dll
0x00007ffb8fd50000 - 0x00007ffb8fef1000 	C:\Windows\System32\USER32.dll
0x00007ffb76280000 - 0x00007ffb7651a000 	C:\Windows\WinSxS\amd64_microsoft.windows.common-controls_6595b64144ccf1df_6.0.19041.1110_none_60b5254171f9507e\COMCTL32.dll
0x00007ffb8dcf0000 - 0x00007ffb8dd12000 	C:\Windows\System32\win32u.dll
0x00007ffb8f9a0000 - 0x00007ffb8fa3e000 	C:\Windows\System32\msvcrt.dll
0x00007ffb8e510000 - 0x00007ffb8e53b000 	C:\Windows\System32\GDI32.dll
0x00007ffb8de20000 - 0x00007ffb8df2f000 	C:\Windows\System32\gdi32full.dll
0x00007ffb8dbc0000 - 0x00007ffb8dc5d000 	C:\Windows\System32\msvcp_win.dll
0x00007ffb8ebd0000 - 0x00007ffb8ec02000 	C:\Windows\System32\IMM32.DLL
0x00007ffb7c9a0000 - 0x00007ffb7c9ac000 	C:\Program Files\Android\Android Studio\jbr\bin\vcruntime140_1.dll
0x00007ffb52fe0000 - 0x00007ffb5306d000 	C:\Program Files\Android\Android Studio\jbr\bin\msvcp140.dll
0x00007ffb38390000 - 0x00007ffb38f4c000 	C:\Program Files\Android\Android Studio\jbr\bin\server\jvm.dll
0x00007ffb8f080000 - 0x00007ffb8f12e000 	C:\Windows\System32\ADVAPI32.dll
0x00007ffb8f900000 - 0x00007ffb8f99c000 	C:\Windows\System32\sechost.dll
0x00007ffb902e0000 - 0x00007ffb90405000 	C:\Windows\System32\RPCRT4.dll
0x00007ffb8f890000 - 0x00007ffb8f898000 	C:\Windows\System32\PSAPI.DLL
0x00007ffb89260000 - 0x00007ffb89269000 	C:\Windows\SYSTEM32\WSOCK32.dll
0x00007ffb86f50000 - 0x00007ffb86f5a000 	C:\Windows\SYSTEM32\VERSION.dll
0x00007ffb7a380000 - 0x00007ffb7a3a7000 	C:\Windows\SYSTEM32\WINMM.dll
0x00007ffb8fa40000 - 0x00007ffb8faab000 	C:\Windows\System32\WS2_32.dll
0x00007ffb8c410000 - 0x00007ffb8c422000 	C:\Windows\SYSTEM32\kernel.appcore.dll
0x00007ffb89250000 - 0x00007ffb89260000 	C:\Program Files\Android\Android Studio\jbr\bin\verify.dll
0x00007ffb8b7f0000 - 0x00007ffb8b9d4000 	C:\Windows\SYSTEM32\DBGHELP.DLL
0x00007ffb79c90000 - 0x00007ffb79cc5000 	C:\Windows\SYSTEM32\dbgcore.DLL
0x00007ffb8dc60000 - 0x00007ffb8dce2000 	C:\Windows\System32\bcryptPrimitives.dll
0x00007ffb7d1a0000 - 0x00007ffb7d1c8000 	C:\Program Files\Android\Android Studio\jbr\bin\java.dll
0x00007ffb86a90000 - 0x00007ffb86a9a000 	C:\Program Files\Android\Android Studio\jbr\bin\jimage.dll
0x00007ffb7d350000 - 0x00007ffb7d368000 	C:\Program Files\Android\Android Studio\jbr\bin\zip.dll
0x00007ffb8f130000 - 0x00007ffb8f874000 	C:\Windows\System32\SHELL32.dll
0x00007ffb8bc60000 - 0x00007ffb8c3f2000 	C:\Windows\SYSTEM32\windows.storage.dll
0x00007ffb8e540000 - 0x00007ffb8e895000 	C:\Windows\System32\combase.dll
0x00007ffb8d620000 - 0x00007ffb8d650000 	C:\Windows\SYSTEM32\Wldp.dll
0x00007ffb8fb70000 - 0x00007ffb8fc1d000 	C:\Windows\System32\SHCORE.dll
0x00007ffb8ff20000 - 0x00007ffb8ff75000 	C:\Windows\System32\shlwapi.dll
0x00007ffb8db00000 - 0x00007ffb8db1f000 	C:\Windows\SYSTEM32\profapi.dll
0x00007ffb7d300000 - 0x00007ffb7d319000 	C:\Program Files\Android\Android Studio\jbr\bin\net.dll
0x00007ffb88e90000 - 0x00007ffb88f9c000 	C:\Windows\SYSTEM32\WINHTTP.dll
0x00007ffb8d310000 - 0x00007ffb8d37a000 	C:\Windows\system32\mswsock.dll
0x00007ffb7d200000 - 0x00007ffb7d213000 	C:\Program Files\Android\Android Studio\jbr\bin\nio.dll

dbghelp: loaded successfully - version: 4.0.5 - missing functions: none
symbol engine: initialized successfully - sym options: 0x614 - pdb path: .;C:\Program Files\Android\Android Studio\jbr\bin;C:\Windows\SYSTEM32;C:\Windows\WinSxS\amd64_microsoft.windows.common-controls_6595b64144ccf1df_6.0.19041.1110_none_60b5254171f9507e;C:\Program Files\Android\Android Studio\jbr\bin\server

VM Arguments:
java_command: org.jetbrains.kotlin.cli.jvm.K2JVMCompiler @C:\Users\LENOVO\AndroidStudioProjects\Micultivo\app\build\20230206_14830411875345283349.compiler.options
java_class_path (initial): C:\Users\LENOVO\.gradle\caches\modules-2\files-2.1\org.jetbrains.kotlin\kotlin-compiler-embeddable\1.8.0\eb9118d4bcceaa2a94b2ae2a33a4ddba7c9a947f\kotlin-compiler-embeddable-1.8.0.jar;C:\Users\LENOVO\.gradle\caches\modules-2\files-2.1\org.jetbrains.kotlin\kotlin-stdlib\1.8.0\1796921c7a3e2e2665a83e6c8d33399336cd39bc\kotlin-stdlib-1.8.0.jar;C:\Users\LENOVO\.gradle\caches\modules-2\files-2.1\org.jetbrains.kotlin\kotlin-script-runtime\1.8.0\b2f7e760d283cb339974851c222a4c1d48f2d3d\kotlin-script-runtime-1.8.0.jar;C:\Users\LENOVO\.gradle\caches\modules-2\files-2.1\org.jetbrains.kotlin\kotlin-reflect\1.6.10\1cbe9c92c12a94eea200d23c2bbaedaf3daf5132\kotlin-reflect-1.6.10.jar;C:\Users\LENOVO\.gradle\caches\modules-2\files-2.1\org.jetbrains.kotlin\kotlin-daemon-embeddable\1.8.0\d255216c551685dc3a7e852b53617f5f01aaaa5c\kotlin-daemon-embeddable-1.8.0.jar;C:\Users\LENOVO\.gradle\caches\modules-2\files-2.1\org.jetbrains.intellij.deps\trove4j\1.0.20200330\3afb14d5f9ceb459d724e907a21145e8ff394f02\trove4j-1.0.20200330.jar;C:\Users\LENOVO\.gradle\caches\modules-2\files-2.1\net.java.dev.jna\jna\5.6.0\330f2244e9030119ab3030fc3fededc86713d9cc\jna-5.6.0.jar;C:\Users\LENOVO\.gradle\caches\modules-2\files-2.1\org.jetbrains.kotlin\kotlin-stdlib-common\1.8.0\f7197e7cc76453ac59f8b0f8d5137cc600becd36\kotlin-stdlib-common-1.8.0.jar;C:\Users\LENOVO\.gradle\caches\modules-2\files-2.1\org.jetbrains\annotations\13.0\919f0dfe192fb4e063e7dacadee7f8bb9a2672a9\annotations-13.0.jar
Launcher Type: SUN_STANDARD

[Global flags]
     intx CICompilerCount                          = 3                                         {product} {ergonomic}
     uint ConcGCThreads                            = 1                                         {product} {ergonomic}
     uint G1ConcRefinementThreads                  = 4                                         {product} {ergonomic}
   size_t G1HeapRegionSize                         = 1048576                                   {product} {ergonomic}
    uintx GCDrainStackTargetSize                   = 64                                        {product} {ergonomic}
   size_t InitialHeapSize                          = 132120576                                 {product} {ergonomic}
   size_t MarkStackSize                            = 4194304                                   {product} {ergonomic}
   size_t MaxHeapSize                              = 2090860544                                {product} {ergonomic}
   size_t MaxNewSize                               = 1254096896                                {product} {ergonomic}
   size_t MinHeapDeltaBytes                        = 1048576                                   {product} {ergonomic}
    uintx NonNMethodCodeHeapSize                   = 5830732                                {pd product} {ergonomic}
    uintx NonProfiledCodeHeapSize                  = 122913754                              {pd product} {ergonomic}
    uintx ProfiledCodeHeapSize                     = 122913754                              {pd product} {ergonomic}
    uintx ReservedCodeCacheSize                    = 251658240                              {pd product} {ergonomic}
     bool SegmentedCodeCache                       = true                                      {product} {ergonomic}
     bool UseCompressedClassPointers               = true                                 {lp64_product} {ergonomic}
     bool UseCompressedOops                        = true                                 {lp64_product} {ergonomic}
     bool UseG1GC                                  = true                                      {product} {ergonomic}
     bool UseLargePagesIndividualAllocation        = false                                  {pd product} {ergonomic}

Logging:
Log output configuration:
 #0: stdout all=warning uptime,level,tags
 #1: stderr all=off uptime,level,tags

Environment Variables:
JAVA_HOME=C:\Program Files\Eclipse Foundation\jdk-16.0.2.7-hotspot\
PATH=C:\Program Files\Eclipse Foundation\jdk-16.0.2.7-hotspot\bin;C:\Windows\system32;C:\Windows;C:\Windows\System32\Wbem;C:\Windows\System32\WindowsPowerShell\v1.0\;C:\Windows\System32\OpenSSH\;C:\Program Files\dotnet\;C:\Program Files\nodejs\;C:\Program Files\Git\cmd;C:\Users\LENOVO\AppData\Local\Programs\Python\Python39\Scripts\;C:\Users\LENOVO\AppData\Local\Programs\Python\Python39\;C:\Users\LENOVO\AppData\Local\Microsoft\WindowsApps;C:\Users\LENOVO\AppData\Local\Programs\Microsoft VS Code\bin;C:\Users\LENOVO\.dotnet\tools;C:\Program Files\JetBrains\PyCharm Community Edition 2022.2.3\bin;;C:\Users\LENOVO\AppData\Roaming\npm;C:\Users\LENOVO\AppData\Local\GitHubDesktop\bin
USERNAME=LENOVO
OS=Windows_NT
PROCESSOR_IDENTIFIER=Intel64 Family 6 Model 140 Stepping 2, GenuineIntel



---------------  S Y S T E M  ---------------

OS: Windows 10 , 64 bit Build 19041 (10.0.19041.2364)
OS uptime: 2 days 2:47 hours

CPU:total 4 (initial active 4) (2 cores per cpu, 2 threads per core) family 6 model 140 stepping 2 microcode 0x26, cmov, cx8, fxsr, mmx, sse, sse2, sse3, ssse3, sse4.1, sse4.2, popcnt, avx, avx2, aes, clmul, erms, 3dnowpref, lzcnt, ht, tsc, tscinvbit, bmi1, bmi2, adx, evex, sha, fma

Memory: 4k page, system-wide physical 7975M (530M free)
TotalPageFile size 12077M (AvailPageFile size 5M)
current process WorkingSet (physical memory assigned to process): 283M, peak: 283M
current process commit charge ("private bytes"): 351M, peak: 351M

vm_info: OpenJDK 64-Bit Server VM (11.0.15+0-b2043.56-9505619) for windows-amd64 JRE (11.0.15+0-b2043.56-9505619), built on Jan 19 2023 02:48:00 by "builduser" with unknown MS VC++:1929

END.
