#
# There is insufficient memory for the Java Runtime Environment to continue.
# Native memory allocation (malloc) failed to allocate 1448656 bytes for Chunk::new
# Possible reasons:
#   The system is out of physical RAM or swap space
#   The process is running with CompressedOops enabled, and the Java Heap may be blocking the growth of the native heap
# Possible solutions:
#   Reduce memory load on the system
#   Increase physical memory or swap space
#   Check if swap backing store is full
#   Decrease Java heap size (-Xmx/-Xms)
#   Decrease number of Java threads
#   Decrease Java thread stack sizes (-Xss)
#   Set larger code cache with -XX:ReservedCodeCacheSize=
#   JVM is running with Unscaled Compressed Oops mode in which the Java heap is
#     placed in the first 4GB address space. The Java Heap base address is the
#     maximum limit for the native heap growth. Please use -XX:HeapBaseMinAddress
#     to set the Java Heap base and to place the Java Heap above 4GB virtual address.
# This output file may be truncated or incomplete.
#
#  Out of Memory Error (src/hotspot/share/memory/arena.cpp:197), pid=15636, tid=7516
#
# JRE version: OpenJDK Runtime Environment (11.0.15) (build 11.0.15+0-b2043.56-9505619)
# Java VM: OpenJDK 64-Bit Server VM (11.0.15+0-b2043.56-9505619, mixed mode, tiered, compressed oops, g1 gc, windows-amd64)
# No core dump will be written. Minidumps are not enabled by default on client versions of Windows
#

---------------  S U M M A R Y ------------

Command Line: --add-opens=java.base/java.util=ALL-UNNAMED --add-opens=java.base/java.lang=ALL-UNNAMED --add-opens=java.base/java.lang.invoke=ALL-UNNAMED --add-opens=java.base/java.util=ALL-UNNAMED --add-opens=java.prefs/java.util.prefs=ALL-UNNAMED --add-opens=java.prefs/java.util.prefs=ALL-UNNAMED --add-opens=java.base/java.nio.charset=ALL-UNNAMED --add-opens=java.base/java.net=ALL-UNNAMED --add-opens=java.base/java.util.concurrent.atomic=ALL-UNNAMED -Xmx2048m -Dfile.encoding=UTF-8 -Duser.country=MX -Duser.language=es -Duser.variant org.gradle.launcher.daemon.bootstrap.GradleDaemon 7.5

Host: 11th Gen Intel(R) Core(TM) i3-1115G4 @ 3.00GHz, 4 cores, 7G,  Windows 10 , 64 bit Build 19041 (10.0.19041.2364)
Time: Mon Feb  6 12:20:19 2023 Hora estándar central (México) elapsed time: 1968.009046 seconds (0d 0h 32m 48s)

---------------  T H R E A D  ---------------

Current thread (0x0000023b1c21e800):  JavaThread "C2 CompilerThread0" daemon [_thread_in_native, id=7516, stack(0x000000f356d00000,0x000000f356e00000)]


Current CompileTask:
C2:1968009 30119       4       org.gradle.api.internal.artifacts.ivyservice.modulecache.artifacts.DefaultModuleArtifactCache$CachedArtifactSerializer::read (6 bytes)

Stack: [0x000000f356d00000,0x000000f356e00000]
Native frames: (J=compiled Java code, j=interpreted, Vv=VM code, C=native code)
V  [jvm.dll+0x64135a]
V  [jvm.dll+0x7d39f9]
V  [jvm.dll+0x7d51b9]
V  [jvm.dll+0x7d58a3]
V  [jvm.dll+0x2691c5]
V  [jvm.dll+0xc1a5c]
V  [jvm.dll+0xc200c]
V  [jvm.dll+0x377462]
V  [jvm.dll+0x342495]
V  [jvm.dll+0x34186a]
V  [jvm.dll+0x2214bd]
V  [jvm.dll+0x220498]
V  [jvm.dll+0x19e851]
V  [jvm.dll+0x230479]
V  [jvm.dll+0x22e5ef]
V  [jvm.dll+0x794de1]
V  [jvm.dll+0x78dc24]
V  [jvm.dll+0x6400f6]
C  [ucrtbase.dll+0x21bb2]
C  [KERNEL32.DLL+0x17614]
C  [ntdll.dll+0x526a1]


---------------  P R O C E S S  ---------------

Threads class SMR info:
_java_thread_list=0x0000023b269e28d0, length=91, elements={
0x0000023b025e4800, 0x0000023b1c1f6000, 0x0000023b1c1ff800, 0x0000023b1c20f800,
0x0000023b1c212000, 0x0000023b1c214000, 0x0000023b1c21e800, 0x0000023b1c22d800,
0x0000023b1c22f000, 0x0000023b1c215000, 0x0000023b1c213000, 0x0000023b1c21a000,
0x0000023b1c218000, 0x0000023b201f4800, 0x0000023b201f5000, 0x0000023b201f6000,
0x0000023b201f7000, 0x0000023b201f1000, 0x0000023b1f42c000, 0x0000023b1f430000,
0x0000023b1f42d800, 0x0000023b1f432000, 0x0000023b1f42d000, 0x0000023b1f435000,
0x0000023b20652000, 0x0000023b20656000, 0x0000023b20658800, 0x0000023b20653800,
0x0000023b20655000, 0x0000023b2b5e5800, 0x0000023b20651000, 0x0000023b20cad800,
0x0000023b20cab800, 0x0000023b1f43a000, 0x0000023b2b5e3000, 0x0000023b2b5e1800,
0x0000023b2b5e6800, 0x0000023b2b5e4000, 0x0000023b2b5e0800, 0x0000023b2b5ea800,
0x0000023b2b5e9000, 0x0000023b2b5eb800, 0x0000023b2b5e9800, 0x0000023b2b5ec000,
0x0000023b2b5e8000, 0x0000023b2b5ed000, 0x0000023b2b5e7800, 0x0000023b2b5ee000,
0x0000023b2b5ee800, 0x0000023b2b5ef800, 0x0000023b20cab000, 0x0000023b20cac800,
0x0000023b20ca7800, 0x0000023b20cae000, 0x0000023b20ca8800, 0x0000023b20caa000,
0x0000023b20caf000, 0x0000023b20ca9800, 0x0000023b20cb3000, 0x0000023b20cb0000,
0x0000023b20cb4000, 0x0000023b20cb1800, 0x0000023b20cb5800, 0x0000023b20cb2800,
0x0000023b20cb4800, 0x0000023b20cb0800, 0x0000023b2064c000, 0x0000023b2064d000,
0x0000023b2064b800, 0x0000023b2064e800, 0x0000023b2064f800, 0x0000023b20650000,
0x0000023b20652800, 0x0000023b2064d800, 0x0000023b20659000, 0x0000023b2065a000,
0x0000023b20654800, 0x0000023b20656800, 0x0000023b20657800, 0x0000023b1f433800,
0x0000023b1f431000, 0x0000023b1f434000, 0x0000023b1f42e800, 0x0000023b1f42f800,
0x0000023b1f43a800, 0x0000023b1f436800, 0x0000023b1f438800, 0x0000023b1f436000,
0x0000023b1f437800, 0x0000023b1c219000, 0x0000023b1c217800
}

Java Threads: ( => current thread )
  0x0000023b025e4800 JavaThread "main" [_thread_blocked, id=5548, stack(0x000000f356100000,0x000000f356200000)]
  0x0000023b1c1f6000 JavaThread "Reference Handler" daemon [_thread_blocked, id=12440, stack(0x000000f356800000,0x000000f356900000)]
  0x0000023b1c1ff800 JavaThread "Finalizer" daemon [_thread_blocked, id=13700, stack(0x000000f356900000,0x000000f356a00000)]
  0x0000023b1c20f800 JavaThread "Signal Dispatcher" daemon [_thread_blocked, id=14584, stack(0x000000f356a00000,0x000000f356b00000)]
  0x0000023b1c212000 JavaThread "Attach Listener" daemon [_thread_blocked, id=13080, stack(0x000000f356b00000,0x000000f356c00000)]
  0x0000023b1c214000 JavaThread "Service Thread" daemon [_thread_blocked, id=1572, stack(0x000000f356c00000,0x000000f356d00000)]
=>0x0000023b1c21e800 JavaThread "C2 CompilerThread0" daemon [_thread_in_native, id=7516, stack(0x000000f356d00000,0x000000f356e00000)]
  0x0000023b1c22d800 JavaThread "C1 CompilerThread0" daemon [_thread_in_vm, id=12220, stack(0x000000f356e00000,0x000000f356f00000)]
  0x0000023b1c22f000 JavaThread "Sweeper thread" daemon [_thread_blocked, id=8012, stack(0x000000f356f00000,0x000000f357000000)]
  0x0000023b1c215000 JavaThread "Common-Cleaner" daemon [_thread_blocked, id=14364, stack(0x000000f357000000,0x000000f357100000)]
  0x0000023b1c213000 JavaThread "Daemon health stats" [_thread_blocked, id=9436, stack(0x000000f357600000,0x000000f357700000)]
  0x0000023b1c21a000 JavaThread "Incoming local TCP Connector on port 62187" [_thread_in_native, id=9944, stack(0x000000f357200000,0x000000f357300000)]
  0x0000023b1c218000 JavaThread "Daemon periodic checks" [_thread_blocked, id=15752, stack(0x000000f357700000,0x000000f357800000)]
  0x0000023b201f4800 JavaThread "Cache worker for journal cache (C:\Users\LENOVO\.gradle\caches\journal-1)" [_thread_blocked, id=12700, stack(0x000000f358000000,0x000000f358100000)]
  0x0000023b201f5000 JavaThread "File lock request listener" [_thread_in_native, id=9280, stack(0x000000f358100000,0x000000f358200000)]
  0x0000023b201f6000 JavaThread "Cache worker for file hash cache (C:\Users\LENOVO\.gradle\caches\7.5\fileHashes)" [_thread_blocked, id=14096, stack(0x000000f358200000,0x000000f358300000)]
  0x0000023b201f7000 JavaThread "File watcher server" daemon [_thread_in_native, id=7372, stack(0x000000f358400000,0x000000f358500000)]
  0x0000023b201f1000 JavaThread "File watcher consumer" daemon [_thread_blocked, id=11768, stack(0x000000f358500000,0x000000f358600000)]
  0x0000023b1f42c000 JavaThread "Cache worker for file content cache (C:\Users\LENOVO\.gradle\caches\7.5\fileContent)" [_thread_blocked, id=16060, stack(0x000000f358800000,0x000000f358900000)]
  0x0000023b1f430000 JavaThread "Cache worker for execution history cache (C:\Users\LENOVO\.gradle\caches\7.5\executionHistory)" [_thread_blocked, id=12956, stack(0x000000f358b00000,0x000000f358c00000)]
  0x0000023b1f42d800 JavaThread "jar transforms" [_thread_blocked, id=12352, stack(0x000000f358c00000,0x000000f358d00000)]
  0x0000023b1f432000 JavaThread "jar transforms Thread 2" [_thread_blocked, id=12160, stack(0x000000f358d00000,0x000000f358e00000)]
  0x0000023b1f42d000 JavaThread "jar transforms Thread 3" [_thread_blocked, id=9468, stack(0x000000f358e00000,0x000000f358f00000)]
  0x0000023b1f435000 JavaThread "jar transforms Thread 4" [_thread_blocked, id=1492, stack(0x000000f358f00000,0x000000f359000000)]
  0x0000023b20652000 JavaThread "Memory manager" [_thread_blocked, id=6500, stack(0x000000f35bb00000,0x000000f35bc00000)]
  0x0000023b20656000 JavaThread "RMI Scheduler(0)" daemon [_thread_blocked, id=12308, stack(0x000000f35c200000,0x000000f35c300000)]
  0x0000023b20658800 JavaThread "RMI GC Daemon" daemon [_thread_blocked, id=3164, stack(0x000000f35c400000,0x000000f35c500000)]
  0x0000023b20653800 JavaThread "RMI TCP Accept-0" daemon [_thread_in_native, id=14796, stack(0x000000f35c500000,0x000000f35c600000)]
  0x0000023b20655000 JavaThread "RMI Reaper" [_thread_blocked, id=4440, stack(0x000000f35c600000,0x000000f35c700000)]
  0x0000023b2b5e5800 JavaThread "Cache worker for Java compile cache (C:\Users\LENOVO\.gradle\caches\7.5\javaCompile)" [_thread_blocked, id=6124, stack(0x000000f35d200000,0x000000f35d300000)]
  0x0000023b20651000 JavaThread "ForkJoinPool.commonPool-worker-3" daemon [_thread_blocked, id=1496, stack(0x000000f35ca00000,0x000000f35cb00000)]
  0x0000023b20cad800 JavaThread "Daemon Thread 12" [_thread_blocked, id=8624, stack(0x000000f355f00000,0x000000f356000000)]
  0x0000023b20cab800 JavaThread "Daemon worker Thread 12" [_thread_in_native, id=1344, stack(0x000000f357900000,0x000000f357a00000)]
  0x0000023b1f43a000 JavaThread "included builds" [_thread_blocked, id=13868, stack(0x000000f35b800000,0x000000f35b900000)]
  0x0000023b2b5e3000 JavaThread "Handler for socket connection from /127.0.0.1:62187 to /127.0.0.1:64511" [_thread_in_native, id=14976, stack(0x000000f355e00000,0x000000f355f00000)]
  0x0000023b2b5e1800 JavaThread "Cancel handler" [_thread_blocked, id=16248, stack(0x000000f356000000,0x000000f356100000)]
  0x0000023b2b5e6800 JavaThread "Asynchronous log dispatcher for DefaultDaemonConnection: socket connection from /127.0.0.1:62187 to /127.0.0.1:64511" [_thread_blocked, id=2796, stack(0x000000f357800000,0x000000f357900000)]
  0x0000023b2b5e4000 JavaThread "Stdin handler" [_thread_blocked, id=15624, stack(0x000000f357a00000,0x000000f357b00000)]
  0x0000023b2b5e0800 JavaThread "Daemon client event forwarder" [_thread_blocked, id=11528, stack(0x000000f357b00000,0x000000f357c00000)]
  0x0000023b2b5ea800 JavaThread "Cache worker for checksums cache (C:\Users\LENOVO\AndroidStudioProjects\Micultivo\.gradle\7.5\checksums)" [_thread_blocked, id=13644, stack(0x000000f357c00000,0x000000f357d00000)]
  0x0000023b2b5e9000 JavaThread "Cache worker for cache directory md-rule (C:\Users\LENOVO\.gradle\caches\7.5\md-rule)" [_thread_blocked, id=9332, stack(0x000000f357d00000,0x000000f357e00000)]
  0x0000023b2b5eb800 JavaThread "Cache worker for file hash cache (C:\Users\LENOVO\AndroidStudioProjects\Micultivo\.gradle\7.5\fileHashes)" [_thread_blocked, id=12312, stack(0x000000f357e00000,0x000000f357f00000)]
  0x0000023b2b5e9800 JavaThread "Cache worker for cache directory md-supplier (C:\Users\LENOVO\.gradle\caches\7.5\md-supplier)" [_thread_blocked, id=13916, stack(0x000000f358300000,0x000000f358400000)]
  0x0000023b2b5ec000 JavaThread "Cache worker for dependencies-accessors (C:\Users\LENOVO\AndroidStudioProjects\Micultivo\.gradle\7.5\dependencies-accessors)" [_thread_blocked, id=14112, stack(0x000000f358600000,0x000000f358700000)]
  0x0000023b2b5e8000 JavaThread "Cache worker for Build Output Cleanup Cache (C:\Users\LENOVO\AndroidStudioProjects\Micultivo\.gradle\buildOutputCleanup)" [_thread_blocked, id=2912, stack(0x000000f358700000,0x000000f358800000)]
  0x0000023b2b5ed000 JavaThread "Unconstrained build operations" [_thread_blocked, id=13232, stack(0x000000f358900000,0x000000f358a00000)]
  0x0000023b2b5e7800 JavaThread "Unconstrained build operations Thread 2" [_thread_blocked, id=6660, stack(0x000000f358a00000,0x000000f358b00000)]
  0x0000023b2b5ee000 JavaThread "Unconstrained build operations Thread 3" [_thread_blocked, id=10308, stack(0x000000f359000000,0x000000f359100000)]
  0x0000023b2b5ee800 JavaThread "Unconstrained build operations Thread 4" [_thread_blocked, id=13100, stack(0x000000f359100000,0x000000f359200000)]
  0x0000023b2b5ef800 JavaThread "Unconstrained build operations Thread 5" [_thread_blocked, id=1312, stack(0x000000f359200000,0x000000f359300000)]
  0x0000023b20cab000 JavaThread "Unconstrained build operations Thread 6" [_thread_blocked, id=16160, stack(0x000000f359300000,0x000000f359400000)]
  0x0000023b20cac800 JavaThread "Unconstrained build operations Thread 7" [_thread_blocked, id=5712, stack(0x000000f359400000,0x000000f359500000)]
  0x0000023b20ca7800 JavaThread "Unconstrained build operations Thread 8" [_thread_blocked, id=14732, stack(0x000000f359500000,0x000000f359600000)]
  0x0000023b20cae000 JavaThread "Unconstrained build operations Thread 9" [_thread_blocked, id=13408, stack(0x000000f359600000,0x000000f359700000)]
  0x0000023b20ca8800 JavaThread "Unconstrained build operations Thread 10" [_thread_blocked, id=14104, stack(0x000000f359700000,0x000000f359800000)]
  0x0000023b20caa000 JavaThread "Unconstrained build operations Thread 11" [_thread_blocked, id=7384, stack(0x000000f359800000,0x000000f359900000)]
  0x0000023b20caf000 JavaThread "Unconstrained build operations Thread 12" [_thread_blocked, id=12104, stack(0x000000f359900000,0x000000f359a00000)]
  0x0000023b20ca9800 JavaThread "Unconstrained build operations Thread 13" [_thread_blocked, id=11256, stack(0x000000f359a00000,0x000000f359b00000)]
  0x0000023b20cb3000 JavaThread "Unconstrained build operations Thread 14" [_thread_blocked, id=548, stack(0x000000f359b00000,0x000000f359c00000)]
  0x0000023b20cb0000 JavaThread "Unconstrained build operations Thread 15" [_thread_blocked, id=13612, stack(0x000000f359c00000,0x000000f359d00000)]
  0x0000023b20cb4000 JavaThread "Unconstrained build operations Thread 16" [_thread_blocked, id=10780, stack(0x000000f359d00000,0x000000f359e00000)]
  0x0000023b20cb1800 JavaThread "Unconstrained build operations Thread 17" [_thread_blocked, id=12948, stack(0x000000f359e00000,0x000000f359f00000)]
  0x0000023b20cb5800 JavaThread "Unconstrained build operations Thread 18" [_thread_blocked, id=15628, stack(0x000000f359f00000,0x000000f35a000000)]
  0x0000023b20cb2800 JavaThread "Unconstrained build operations Thread 19" [_thread_blocked, id=11032, stack(0x000000f35a000000,0x000000f35a100000)]
  0x0000023b20cb4800 JavaThread "Unconstrained build operations Thread 20" [_thread_blocked, id=5020, stack(0x000000f35a100000,0x000000f35a200000)]
  0x0000023b20cb0800 JavaThread "Unconstrained build operations Thread 21" [_thread_blocked, id=11564, stack(0x000000f35a200000,0x000000f35a300000)]
  0x0000023b2064c000 JavaThread "Unconstrained build operations Thread 22" [_thread_blocked, id=1864, stack(0x000000f35a300000,0x000000f35a400000)]
  0x0000023b2064d000 JavaThread "Unconstrained build operations Thread 23" [_thread_blocked, id=4040, stack(0x000000f35a400000,0x000000f35a500000)]
  0x0000023b2064b800 JavaThread "Unconstrained build operations Thread 24" [_thread_blocked, id=2136, stack(0x000000f35a500000,0x000000f35a600000)]
  0x0000023b2064e800 JavaThread "Unconstrained build operations Thread 25" [_thread_blocked, id=12092, stack(0x000000f35a600000,0x000000f35a700000)]
  0x0000023b2064f800 JavaThread "Unconstrained build operations Thread 26" [_thread_blocked, id=13068, stack(0x000000f35a700000,0x000000f35a800000)]
  0x0000023b20650000 JavaThread "Unconstrained build operations Thread 27" [_thread_blocked, id=15976, stack(0x000000f35a800000,0x000000f35a900000)]
  0x0000023b20652800 JavaThread "Unconstrained build operations Thread 28" [_thread_blocked, id=13712, stack(0x000000f35a900000,0x000000f35aa00000)]
  0x0000023b2064d800 JavaThread "Unconstrained build operations Thread 29" [_thread_blocked, id=15388, stack(0x000000f35aa00000,0x000000f35ab00000)]
  0x0000023b20659000 JavaThread "Unconstrained build operations Thread 30" [_thread_blocked, id=2964, stack(0x000000f35ab00000,0x000000f35ac00000)]
  0x0000023b2065a000 JavaThread "Unconstrained build operations Thread 31" [_thread_blocked, id=11172, stack(0x000000f35ac00000,0x000000f35ad00000)]
  0x0000023b20654800 JavaThread "Unconstrained build operations Thread 32" [_thread_blocked, id=14376, stack(0x000000f35ad00000,0x000000f35ae00000)]
  0x0000023b20656800 JavaThread "Unconstrained build operations Thread 33" [_thread_blocked, id=5500, stack(0x000000f35ae00000,0x000000f35af00000)]
  0x0000023b20657800 JavaThread "Unconstrained build operations Thread 34" [_thread_blocked, id=1204, stack(0x000000f35af00000,0x000000f35b000000)]
  0x0000023b1f433800 JavaThread "Unconstrained build operations Thread 35" [_thread_blocked, id=12676, stack(0x000000f35b000000,0x000000f35b100000)]
  0x0000023b1f431000 JavaThread "Unconstrained build operations Thread 36" [_thread_blocked, id=2652, stack(0x000000f35b100000,0x000000f35b200000)]
  0x0000023b1f434000 JavaThread "Unconstrained build operations Thread 37" [_thread_blocked, id=4048, stack(0x000000f35b200000,0x000000f35b300000)]
  0x0000023b1f42e800 JavaThread "Unconstrained build operations Thread 38" [_thread_blocked, id=10300, stack(0x000000f35b300000,0x000000f35b400000)]
  0x0000023b1f42f800 JavaThread "Unconstrained build operations Thread 39" [_thread_blocked, id=15608, stack(0x000000f35b400000,0x000000f35b500000)]
  0x0000023b1f43a800 JavaThread "Unconstrained build operations Thread 40" [_thread_blocked, id=11828, stack(0x000000f35b500000,0x000000f35b600000)]
  0x0000023b1f436800 JavaThread "included builds" [_thread_blocked, id=4776, stack(0x000000f35b700000,0x000000f35b800000)]
  0x0000023b1f438800 JavaThread "Execution worker" [_thread_blocked, id=14288, stack(0x000000f35b900000,0x000000f35ba00000)]
  0x0000023b1f436000 JavaThread "Execution worker Thread 2" [_thread_blocked, id=15860, stack(0x000000f35ba00000,0x000000f35bb00000)]
  0x0000023b1f437800 JavaThread "Execution worker Thread 3" [_thread_blocked, id=13272, stack(0x000000f35bc00000,0x000000f35bd00000)]
  0x0000023b1c219000 JavaThread "Cache worker for execution history cache (C:\Users\LENOVO\AndroidStudioProjects\Micultivo\.gradle\7.5\executionHistory)" [_thread_blocked, id=12712, stack(0x000000f35bd00000,0x000000f35be00000)]
  0x0000023b1c217800 JavaThread "WorkerExecutor Queue" [_thread_blocked, id=6816, stack(0x000000f35be00000,0x000000f35bf00000)]

Other Threads:
  0x0000023b1c1f4000 VMThread "VM Thread" [stack: 0x000000f356700000,0x000000f356800000] [id=12636]
  0x0000023b1cd24800 WatcherThread [stack: 0x000000f357100000,0x000000f357200000] [id=1668]
  0x0000023b025fc000 GCTaskThread "GC Thread#0" [stack: 0x000000f356200000,0x000000f356300000] [id=12348]
  0x0000023b1d296000 GCTaskThread "GC Thread#1" [stack: 0x000000f357300000,0x000000f357400000] [id=13648]
  0x0000023b1d338800 GCTaskThread "GC Thread#2" [stack: 0x000000f357400000,0x000000f357500000] [id=16164]
  0x0000023b1cf46000 GCTaskThread "GC Thread#3" [stack: 0x000000f357f00000,0x000000f358000000] [id=10532]
  0x0000023b0262e800 ConcurrentGCThread "G1 Main Marker" [stack: 0x000000f356300000,0x000000f356400000] [id=3976]
  0x0000023b0262f800 ConcurrentGCThread "G1 Conc#0" [stack: 0x000000f356400000,0x000000f356500000] [id=13940]
  0x0000023b1c050800 ConcurrentGCThread "G1 Refine#0" [stack: 0x000000f356500000,0x000000f356600000] [id=16104]
  0x0000023b1e58f000 ConcurrentGCThread "G1 Refine#1" [stack: 0x000000f357500000,0x000000f357600000] [id=15756]
  0x0000023b1c051000 ConcurrentGCThread "G1 Young RemSet Sampling" [stack: 0x000000f356600000,0x000000f356700000] [id=11112]

Threads with active compile tasks:
C2 CompilerThread0  1968034 30119       4       org.gradle.api.internal.artifacts.ivyservice.modulecache.artifacts.DefaultModuleArtifactCache$CachedArtifactSerializer::read (6 bytes)

VM state:not at safepoint (normal execution)

VM Mutex/Monitor currently owned by a thread: None

Heap address: 0x0000000080000000, size: 2048 MB, Compressed Oops mode: 32-bit
Narrow klass base: 0x0000000000000000, Narrow klass shift: 3
Compressed class space size: 1073741824 Address: 0x0000000100000000

Heap:
 garbage-first heap   total 225280K, used 159186K [0x0000000080000000, 0x0000000100000000)
  region size 1024K, 40 young (40960K), 2 survivors (2048K)
 Metaspace       used 146344K, capacity 152297K, committed 152796K, reserved 1181696K
  class space    used 18279K, capacity 20472K, committed 20568K, reserved 1048576K
Heap Regions: E=young(eden), S=young(survivor), O=old, HS=humongous(starts), HC=humongous(continues), CS=collection set, F=free, A=archive, TAMS=top-at-mark-start (previous, next)
|   0|0x0000000080000000, 0x0000000080100000, 0x0000000080100000|100%|HS|  |TAMS 0x0000000080100000, 0x0000000080000000| Complete 
|   1|0x0000000080100000, 0x0000000080200000, 0x0000000080200000|100%|HC|  |TAMS 0x0000000080200000, 0x0000000080100000| Complete 
|   2|0x0000000080200000, 0x0000000080300000, 0x0000000080300000|100%|HC|  |TAMS 0x0000000080300000, 0x0000000080200000| Complete 
|   3|0x0000000080300000, 0x0000000080400000, 0x0000000080400000|100%| O|  |TAMS 0x0000000080400000, 0x0000000080300000| Untracked 
|   4|0x0000000080400000, 0x0000000080500000, 0x0000000080500000|100%| O|  |TAMS 0x0000000080500000, 0x0000000080400000| Untracked 
|   5|0x0000000080500000, 0x0000000080600000, 0x0000000080600000|100%| O|  |TAMS 0x0000000080600000, 0x0000000080500000| Untracked 
|   6|0x0000000080600000, 0x0000000080700000, 0x0000000080700000|100%| O|  |TAMS 0x0000000080700000, 0x0000000080600000| Untracked 
|   7|0x0000000080700000, 0x0000000080800000, 0x0000000080800000|100%| O|  |TAMS 0x0000000080800000, 0x0000000080700000| Untracked 
|   8|0x0000000080800000, 0x0000000080900000, 0x0000000080900000|100%| O|  |TAMS 0x0000000080900000, 0x0000000080800000| Untracked 
|   9|0x0000000080900000, 0x0000000080a00000, 0x0000000080a00000|100%| O|  |TAMS 0x0000000080a00000, 0x0000000080900000| Untracked 
|  10|0x0000000080a00000, 0x0000000080b00000, 0x0000000080b00000|100%| O|  |TAMS 0x0000000080b00000, 0x0000000080a00000| Untracked 
|  11|0x0000000080b00000, 0x0000000080c00000, 0x0000000080c00000|100%| O|  |TAMS 0x0000000080c00000, 0x0000000080b00000| Untracked 
|  12|0x0000000080c00000, 0x0000000080d00000, 0x0000000080d00000|100%| O|  |TAMS 0x0000000080d00000, 0x0000000080c00000| Untracked 
|  13|0x0000000080d00000, 0x0000000080e00000, 0x0000000080e00000|100%| O|  |TAMS 0x0000000080e00000, 0x0000000080d00000| Untracked 
|  14|0x0000000080e00000, 0x0000000080f00000, 0x0000000080f00000|100%| O|  |TAMS 0x0000000080f00000, 0x0000000080e00000| Untracked 
|  15|0x0000000080f00000, 0x0000000081000000, 0x0000000081000000|100%| O|  |TAMS 0x0000000081000000, 0x0000000080f00000| Untracked 
|  16|0x0000000081000000, 0x0000000081100000, 0x0000000081100000|100%| O|  |TAMS 0x0000000081100000, 0x0000000081000000| Untracked 
|  17|0x0000000081100000, 0x0000000081200000, 0x0000000081200000|100%|HS|  |TAMS 0x0000000081200000, 0x0000000081100000| Complete 
|  18|0x0000000081200000, 0x0000000081300000, 0x0000000081300000|100%| O|  |TAMS 0x0000000081300000, 0x0000000081200000| Untracked 
|  19|0x0000000081300000, 0x0000000081400000, 0x0000000081400000|100%| O|  |TAMS 0x0000000081400000, 0x0000000081300000| Untracked 
|  20|0x0000000081400000, 0x0000000081500000, 0x0000000081500000|100%| O|  |TAMS 0x0000000081500000, 0x0000000081400000| Untracked 
|  21|0x0000000081500000, 0x0000000081600000, 0x0000000081600000|100%| O|  |TAMS 0x0000000081600000, 0x0000000081500000| Untracked 
|  22|0x0000000081600000, 0x0000000081700000, 0x0000000081700000|100%| O|  |TAMS 0x0000000081700000, 0x0000000081600000| Untracked 
|  23|0x0000000081700000, 0x0000000081800000, 0x0000000081800000|100%| O|  |TAMS 0x0000000081800000, 0x0000000081700000| Untracked 
|  24|0x0000000081800000, 0x0000000081900000, 0x0000000081900000|100%|HS|  |TAMS 0x0000000081900000, 0x0000000081800000| Complete 
|  25|0x0000000081900000, 0x0000000081a00000, 0x0000000081a00000|100%|HC|  |TAMS 0x0000000081a00000, 0x0000000081900000| Complete 
|  26|0x0000000081a00000, 0x0000000081b00000, 0x0000000081b00000|100%|HS|  |TAMS 0x0000000081b00000, 0x0000000081a00000| Complete 
|  27|0x0000000081b00000, 0x0000000081c00000, 0x0000000081c00000|100%|HS|  |TAMS 0x0000000081c00000, 0x0000000081b00000| Complete 
|  28|0x0000000081c00000, 0x0000000081d00000, 0x0000000081d00000|100%|HC|  |TAMS 0x0000000081d00000, 0x0000000081c00000| Complete 
|  29|0x0000000081d00000, 0x0000000081e00000, 0x0000000081e00000|100%|HC|  |TAMS 0x0000000081e00000, 0x0000000081d00000| Complete 
|  30|0x0000000081e00000, 0x0000000081f00000, 0x0000000081f00000|100%|HC|  |TAMS 0x0000000081f00000, 0x0000000081e00000| Complete 
|  31|0x0000000081f00000, 0x0000000082000000, 0x0000000082000000|100%| O|  |TAMS 0x0000000082000000, 0x0000000081f00000| Untracked 
|  32|0x0000000082000000, 0x0000000082100000, 0x0000000082100000|100%| O|  |TAMS 0x0000000082100000, 0x0000000082000000| Untracked 
|  33|0x0000000082100000, 0x0000000082200000, 0x0000000082200000|100%| O|  |TAMS 0x0000000082200000, 0x0000000082100000| Untracked 
|  34|0x0000000082200000, 0x0000000082300000, 0x0000000082300000|100%| O|  |TAMS 0x0000000082300000, 0x0000000082200000| Untracked 
|  35|0x0000000082300000, 0x0000000082400000, 0x0000000082400000|100%| O|  |TAMS 0x0000000082400000, 0x0000000082300000| Untracked 
|  36|0x0000000082400000, 0x0000000082500000, 0x0000000082500000|100%| O|  |TAMS 0x0000000082400000, 0x0000000082400000| Untracked 
|  37|0x0000000082500000, 0x0000000082600000, 0x0000000082600000|100%| O|  |TAMS 0x0000000082600000, 0x0000000082500000| Untracked 
|  38|0x0000000082600000, 0x0000000082700000, 0x0000000082700000|100%| O|  |TAMS 0x0000000082700000, 0x0000000082600000| Untracked 
|  39|0x0000000082700000, 0x0000000082800000, 0x0000000082800000|100%| O|  |TAMS 0x0000000082800000, 0x0000000082700000| Untracked 
|  40|0x0000000082800000, 0x0000000082900000, 0x0000000082900000|100%| O|  |TAMS 0x0000000082900000, 0x0000000082800000| Untracked 
|  41|0x0000000082900000, 0x0000000082a00000, 0x0000000082a00000|100%| O|  |TAMS 0x0000000082a00000, 0x0000000082900000| Untracked 
|  42|0x0000000082a00000, 0x0000000082b00000, 0x0000000082b00000|100%| O|  |TAMS 0x0000000082b00000, 0x0000000082a00000| Untracked 
|  43|0x0000000082b00000, 0x0000000082c00000, 0x0000000082c00000|100%| O|  |TAMS 0x0000000082c00000, 0x0000000082b00000| Untracked 
|  44|0x0000000082c00000, 0x0000000082c00000, 0x0000000082d00000|  0%| F|  |TAMS 0x0000000082c00000, 0x0000000082c00000| Untracked 
|  45|0x0000000082d00000, 0x0000000082e00000, 0x0000000082e00000|100%| O|  |TAMS 0x0000000082e00000, 0x0000000082d00000| Untracked 
|  46|0x0000000082e00000, 0x0000000082f00000, 0x0000000082f00000|100%| O|  |TAMS 0x0000000082f00000, 0x0000000082e00000| Untracked 
|  47|0x0000000082f00000, 0x0000000083000000, 0x0000000083000000|100%| O|  |TAMS 0x0000000083000000, 0x0000000082f00000| Untracked 
|  48|0x0000000083000000, 0x0000000083100000, 0x0000000083100000|100%| O|  |TAMS 0x0000000083100000, 0x0000000083000000| Untracked 
|  49|0x0000000083100000, 0x0000000083100000, 0x0000000083200000|  0%| F|  |TAMS 0x0000000083100000, 0x0000000083100000| Untracked 
|  50|0x0000000083200000, 0x0000000083300000, 0x0000000083300000|100%| O|  |TAMS 0x0000000083300000, 0x0000000083200000| Untracked 
|  51|0x0000000083300000, 0x0000000083400000, 0x0000000083400000|100%| O|  |TAMS 0x0000000083400000, 0x0000000083300000| Untracked 
|  52|0x0000000083400000, 0x0000000083500000, 0x0000000083500000|100%| O|  |TAMS 0x0000000083500000, 0x0000000083400000| Untracked 
|  53|0x0000000083500000, 0x0000000083600000, 0x0000000083600000|100%| O|  |TAMS 0x0000000083500000, 0x0000000083500000| Untracked 
|  54|0x0000000083600000, 0x0000000083700000, 0x0000000083700000|100%| O|  |TAMS 0x0000000083600000, 0x0000000083600000| Untracked 
|  55|0x0000000083700000, 0x0000000083800000, 0x0000000083800000|100%| O|  |TAMS 0x0000000083700000, 0x0000000083700000| Untracked 
|  56|0x0000000083800000, 0x0000000083900000, 0x0000000083900000|100%| O|  |TAMS 0x0000000083800000, 0x0000000083800000| Untracked 
|  57|0x0000000083900000, 0x0000000083900000, 0x0000000083a00000|  0%| F|  |TAMS 0x0000000083900000, 0x0000000083900000| Untracked 
|  58|0x0000000083a00000, 0x0000000083b00000, 0x0000000083b00000|100%| O|  |TAMS 0x0000000083a00000, 0x0000000083a00000| Untracked 
|  59|0x0000000083b00000, 0x0000000083c00000, 0x0000000083c00000|100%| O|  |TAMS 0x0000000083c00000, 0x0000000083b00000| Untracked 
|  60|0x0000000083c00000, 0x0000000083d00000, 0x0000000083d00000|100%| O|  |TAMS 0x0000000083d00000, 0x0000000083c00000| Untracked 
|  61|0x0000000083d00000, 0x0000000083e00000, 0x0000000083e00000|100%| O|  |TAMS 0x0000000083e00000, 0x0000000083d00000| Untracked 
|  62|0x0000000083e00000, 0x0000000083f00000, 0x0000000083f00000|100%| O|  |TAMS 0x0000000083f00000, 0x0000000083e00000| Untracked 
|  63|0x0000000083f00000, 0x0000000084000000, 0x0000000084000000|100%| O|  |TAMS 0x0000000084000000, 0x0000000083f00000| Untracked 
|  64|0x0000000084000000, 0x0000000084100000, 0x0000000084100000|100%| O|  |TAMS 0x0000000084100000, 0x0000000084000000| Untracked 
|  65|0x0000000084100000, 0x0000000084100000, 0x0000000084200000|  0%| F|  |TAMS 0x0000000084100000, 0x0000000084100000| Untracked 
|  66|0x0000000084200000, 0x0000000084300000, 0x0000000084300000|100%| O|  |TAMS 0x0000000084300000, 0x0000000084200000| Untracked 
|  67|0x0000000084300000, 0x0000000084400000, 0x0000000084400000|100%| O|  |TAMS 0x0000000084400000, 0x0000000084300000| Untracked 
|  68|0x0000000084400000, 0x0000000084500000, 0x0000000084500000|100%| O|  |TAMS 0x0000000084500000, 0x0000000084400000| Untracked 
|  69|0x0000000084500000, 0x0000000084600000, 0x0000000084600000|100%| O|  |TAMS 0x0000000084600000, 0x0000000084500000| Untracked 
|  70|0x0000000084600000, 0x0000000084700000, 0x0000000084700000|100%| O|  |TAMS 0x0000000084700000, 0x0000000084600000| Untracked 
|  71|0x0000000084700000, 0x0000000084800000, 0x0000000084800000|100%| O|  |TAMS 0x0000000084800000, 0x0000000084700000| Untracked 
|  72|0x0000000084800000, 0x0000000084900000, 0x0000000084900000|100%| O|  |TAMS 0x0000000084900000, 0x0000000084800000| Untracked 
|  73|0x0000000084900000, 0x0000000084a00000, 0x0000000084a00000|100%| O|  |TAMS 0x0000000084a00000, 0x0000000084900000| Untracked 
|  74|0x0000000084a00000, 0x0000000084b00000, 0x0000000084b00000|100%| O|  |TAMS 0x0000000084a00000, 0x0000000084a00000| Untracked 
|  75|0x0000000084b00000, 0x0000000084b00000, 0x0000000084c00000|  0%| F|  |TAMS 0x0000000084b00000, 0x0000000084b00000| Untracked 
|  76|0x0000000084c00000, 0x0000000084c00000, 0x0000000084d00000|  0%| F|  |TAMS 0x0000000084c00000, 0x0000000084c00000| Untracked 
|  77|0x0000000084d00000, 0x0000000084e00000, 0x0000000084e00000|100%| O|  |TAMS 0x0000000084d00000, 0x0000000084d00000| Untracked 
|  78|0x0000000084e00000, 0x0000000084f00000, 0x0000000084f00000|100%| O|  |TAMS 0x0000000084f00000, 0x0000000084e00000| Untracked 
|  79|0x0000000084f00000, 0x0000000085000000, 0x0000000085000000|100%| O|  |TAMS 0x0000000085000000, 0x0000000084f00000| Untracked 
|  80|0x0000000085000000, 0x0000000085100000, 0x0000000085100000|100%| O|  |TAMS 0x0000000085100000, 0x0000000085000000| Untracked 
|  81|0x0000000085100000, 0x0000000085100000, 0x0000000085200000|  0%| F|  |TAMS 0x0000000085100000, 0x0000000085100000| Untracked 
|  82|0x0000000085200000, 0x0000000085300000, 0x0000000085300000|100%| O|  |TAMS 0x0000000085300000, 0x0000000085200000| Untracked 
|  83|0x0000000085300000, 0x0000000085300000, 0x0000000085400000|  0%| F|  |TAMS 0x0000000085300000, 0x0000000085300000| Untracked 
|  84|0x0000000085400000, 0x0000000085400000, 0x0000000085500000|  0%| F|  |TAMS 0x0000000085400000, 0x0000000085400000| Untracked 
|  85|0x0000000085500000, 0x0000000085600000, 0x0000000085600000|100%| O|  |TAMS 0x0000000085500000, 0x0000000085500000| Untracked 
|  86|0x0000000085600000, 0x0000000085700000, 0x0000000085700000|100%| O|  |TAMS 0x0000000085700000, 0x0000000085600000| Untracked 
|  87|0x0000000085700000, 0x0000000085800000, 0x0000000085800000|100%| O|  |TAMS 0x0000000085800000, 0x0000000085700000| Untracked 
|  88|0x0000000085800000, 0x0000000085900000, 0x0000000085900000|100%| O|  |TAMS 0x0000000085900000, 0x0000000085800000| Untracked 
|  89|0x0000000085900000, 0x0000000085a00000, 0x0000000085a00000|100%| O|  |TAMS 0x0000000085a00000, 0x0000000085900000| Untracked 
|  90|0x0000000085a00000, 0x0000000085b00000, 0x0000000085b00000|100%| O|  |TAMS 0x0000000085b00000, 0x0000000085a00000| Untracked 
|  91|0x0000000085b00000, 0x0000000085b00000, 0x0000000085c00000|  0%| F|  |TAMS 0x0000000085b00000, 0x0000000085b00000| Untracked 
|  92|0x0000000085c00000, 0x0000000085d00000, 0x0000000085d00000|100%| O|  |TAMS 0x0000000085d00000, 0x0000000085c00000| Untracked 
|  93|0x0000000085d00000, 0x0000000085e00000, 0x0000000085e00000|100%| O|  |TAMS 0x0000000085e00000, 0x0000000085d00000| Untracked 
|  94|0x0000000085e00000, 0x0000000085f00000, 0x0000000085f00000|100%| O|  |TAMS 0x0000000085f00000, 0x0000000085e00000| Untracked 
|  95|0x0000000085f00000, 0x0000000086000000, 0x0000000086000000|100%| O|  |TAMS 0x0000000086000000, 0x0000000085f00000| Untracked 
|  96|0x0000000086000000, 0x0000000086100000, 0x0000000086100000|100%| O|  |TAMS 0x0000000086100000, 0x0000000086000000| Untracked 
|  97|0x0000000086100000, 0x0000000086200000, 0x0000000086200000|100%| O|  |TAMS 0x0000000086100000, 0x0000000086100000| Untracked 
|  98|0x0000000086200000, 0x0000000086200000, 0x0000000086300000|  0%| F|  |TAMS 0x0000000086200000, 0x0000000086200000| Untracked 
|  99|0x0000000086300000, 0x0000000086400000, 0x0000000086400000|100%| O|  |TAMS 0x0000000086400000, 0x0000000086300000| Untracked 
| 100|0x0000000086400000, 0x0000000086500000, 0x0000000086500000|100%| O|  |TAMS 0x0000000086500000, 0x0000000086400000| Untracked 
| 101|0x0000000086500000, 0x0000000086600000, 0x0000000086600000|100%| O|  |TAMS 0x0000000086600000, 0x0000000086500000| Untracked 
| 102|0x0000000086600000, 0x00000000866b8e00, 0x0000000086700000| 72%| O|  |TAMS 0x0000000086600000, 0x0000000086600000| Untracked 
| 103|0x0000000086700000, 0x0000000086700000, 0x0000000086800000|  0%| F|  |TAMS 0x0000000086700000, 0x0000000086700000| Untracked 
| 104|0x0000000086800000, 0x0000000086900000, 0x0000000086900000|100%| O|  |TAMS 0x0000000086900000, 0x0000000086800000| Untracked 
| 105|0x0000000086900000, 0x0000000086a00000, 0x0000000086a00000|100%| O|  |TAMS 0x0000000086a00000, 0x0000000086900000| Untracked 
| 106|0x0000000086a00000, 0x0000000086b00000, 0x0000000086b00000|100%| O|  |TAMS 0x0000000086b00000, 0x0000000086a00000| Untracked 
| 107|0x0000000086b00000, 0x0000000086b00000, 0x0000000086c00000|  0%| F|  |TAMS 0x0000000086b00000, 0x0000000086b00000| Untracked 
| 108|0x0000000086c00000, 0x0000000086d00000, 0x0000000086d00000|100%| O|  |TAMS 0x0000000086d00000, 0x0000000086c00000| Untracked 
| 109|0x0000000086d00000, 0x0000000086e00000, 0x0000000086e00000|100%| O|  |TAMS 0x0000000086e00000, 0x0000000086d00000| Untracked 
| 110|0x0000000086e00000, 0x0000000086f00000, 0x0000000086f00000|100%| O|  |TAMS 0x0000000086f00000, 0x0000000086e00000| Untracked 
| 111|0x0000000086f00000, 0x0000000086f00000, 0x0000000087000000|  0%| F|  |TAMS 0x0000000086f00000, 0x0000000086f00000| Untracked 
| 112|0x0000000087000000, 0x0000000087100000, 0x0000000087100000|100%| O|  |TAMS 0x0000000087000000, 0x0000000087000000| Untracked 
| 113|0x0000000087100000, 0x0000000087200000, 0x0000000087200000|100%| O|  |TAMS 0x0000000087100000, 0x0000000087100000| Untracked 
| 114|0x0000000087200000, 0x0000000087300000, 0x0000000087300000|100%| O|  |TAMS 0x0000000087200000, 0x0000000087200000| Untracked 
| 115|0x0000000087300000, 0x0000000087400000, 0x0000000087400000|100%| O|  |TAMS 0x0000000087400000, 0x0000000087300000| Untracked 
| 116|0x0000000087400000, 0x0000000087500000, 0x0000000087500000|100%| O|  |TAMS 0x0000000087500000, 0x0000000087400000| Untracked 
| 117|0x0000000087500000, 0x0000000087600000, 0x0000000087600000|100%| O|  |TAMS 0x0000000087600000, 0x0000000087500000| Untracked 
| 118|0x0000000087600000, 0x0000000087600000, 0x0000000087700000|  0%| F|  |TAMS 0x0000000087600000, 0x0000000087600000| Untracked 
| 119|0x0000000087700000, 0x0000000087800000, 0x0000000087800000|100%| O|  |TAMS 0x0000000087800000, 0x0000000087700000| Untracked 
| 120|0x0000000087800000, 0x0000000087800000, 0x0000000087900000|  0%| F|  |TAMS 0x0000000087800000, 0x0000000087800000| Untracked 
| 121|0x0000000087900000, 0x0000000087a00000, 0x0000000087a00000|100%| O|  |TAMS 0x0000000087a00000, 0x0000000087900000| Untracked 
| 122|0x0000000087a00000, 0x0000000087b00000, 0x0000000087b00000|100%| O|  |TAMS 0x0000000087b00000, 0x0000000087a00000| Untracked 
| 123|0x0000000087b00000, 0x0000000087b00000, 0x0000000087c00000|  0%| F|  |TAMS 0x0000000087b00000, 0x0000000087b00000| Untracked 
| 124|0x0000000087c00000, 0x0000000087c00000, 0x0000000087d00000|  0%| F|  |TAMS 0x0000000087c00000, 0x0000000087c00000| Untracked 
| 125|0x0000000087d00000, 0x0000000087e00000, 0x0000000087e00000|100%| O|  |TAMS 0x0000000087d00000, 0x0000000087d00000| Untracked 
| 126|0x0000000087e00000, 0x0000000087f00000, 0x0000000087f00000|100%| O|  |TAMS 0x0000000087e00000, 0x0000000087e00000| Untracked 
| 127|0x0000000087f00000, 0x0000000087f00000, 0x0000000088000000|  0%| F|  |TAMS 0x0000000087f00000, 0x0000000087f00000| Untracked 
| 128|0x0000000088000000, 0x0000000088100000, 0x0000000088100000|100%| O|  |TAMS 0x0000000088000000, 0x0000000088000000| Untracked 
| 129|0x0000000088100000, 0x0000000088100000, 0x0000000088200000|  0%| F|  |TAMS 0x0000000088100000, 0x0000000088100000| Untracked 
| 130|0x0000000088200000, 0x0000000088300000, 0x0000000088300000|100%| O|  |TAMS 0x0000000088200000, 0x0000000088200000| Untracked 
| 131|0x0000000088300000, 0x0000000088400000, 0x0000000088400000|100%| O|  |TAMS 0x0000000088300000, 0x0000000088300000| Untracked 
| 132|0x0000000088400000, 0x0000000088500000, 0x0000000088500000|100%| O|  |TAMS 0x0000000088400000, 0x0000000088400000| Untracked 
| 133|0x0000000088500000, 0x0000000088600000, 0x0000000088600000|100%| O|  |TAMS 0x0000000088500000, 0x0000000088500000| Untracked 
| 134|0x0000000088600000, 0x0000000088600000, 0x0000000088700000|  0%| F|  |TAMS 0x0000000088600000, 0x0000000088600000| Untracked 
| 135|0x0000000088700000, 0x0000000088800000, 0x0000000088800000|100%| O|  |TAMS 0x0000000088700000, 0x0000000088700000| Untracked 
| 136|0x0000000088800000, 0x0000000088800000, 0x0000000088900000|  0%| F|  |TAMS 0x0000000088800000, 0x0000000088800000| Untracked 
| 137|0x0000000088900000, 0x0000000088900000, 0x0000000088a00000|  0%| F|  |TAMS 0x0000000088900000, 0x0000000088900000| Untracked 
| 138|0x0000000088a00000, 0x0000000088b00000, 0x0000000088b00000|100%| O|  |TAMS 0x0000000088a00000, 0x0000000088a00000| Untracked 
| 139|0x0000000088b00000, 0x0000000088b00000, 0x0000000088c00000|  0%| F|  |TAMS 0x0000000088b00000, 0x0000000088b00000| Untracked 
| 140|0x0000000088c00000, 0x0000000088d00000, 0x0000000088d00000|100%| O|  |TAMS 0x0000000088d00000, 0x0000000088c00000| Untracked 
| 141|0x0000000088d00000, 0x0000000088e00000, 0x0000000088e00000|100%| O|  |TAMS 0x0000000088e00000, 0x0000000088d00000| Untracked 
| 142|0x0000000088e00000, 0x0000000088e00000, 0x0000000088f00000|  0%| F|  |TAMS 0x0000000088e00000, 0x0000000088e00000| Untracked 
| 143|0x0000000088f00000, 0x0000000088f00000, 0x0000000089000000|  0%| F|  |TAMS 0x0000000088f00000, 0x0000000088f00000| Untracked 
| 144|0x0000000089000000, 0x0000000089000000, 0x0000000089100000|  0%| F|  |TAMS 0x0000000089000000, 0x0000000089000000| Untracked 
| 145|0x0000000089100000, 0x0000000089100000, 0x0000000089200000|  0%| F|  |TAMS 0x0000000089100000, 0x0000000089100000| Untracked 
| 146|0x0000000089200000, 0x0000000089200000, 0x0000000089300000|  0%| F|  |TAMS 0x0000000089200000, 0x0000000089200000| Untracked 
| 147|0x0000000089300000, 0x0000000089300000, 0x0000000089400000|  0%| F|  |TAMS 0x0000000089300000, 0x0000000089300000| Untracked 
| 148|0x0000000089400000, 0x0000000089400000, 0x0000000089500000|  0%| F|  |TAMS 0x0000000089400000, 0x0000000089400000| Untracked 
| 149|0x0000000089500000, 0x0000000089500000, 0x0000000089600000|  0%| F|  |TAMS 0x0000000089500000, 0x0000000089500000| Untracked 
| 150|0x0000000089600000, 0x0000000089600000, 0x0000000089700000|  0%| F|  |TAMS 0x0000000089600000, 0x0000000089600000| Untracked 
| 151|0x0000000089700000, 0x0000000089700000, 0x0000000089800000|  0%| F|  |TAMS 0x0000000089700000, 0x0000000089700000| Untracked 
| 152|0x0000000089800000, 0x0000000089800000, 0x0000000089900000|  0%| F|  |TAMS 0x0000000089800000, 0x0000000089800000| Untracked 
| 153|0x0000000089900000, 0x0000000089900000, 0x0000000089a00000|  0%| F|  |TAMS 0x0000000089900000, 0x0000000089900000| Untracked 
| 154|0x0000000089a00000, 0x0000000089a00000, 0x0000000089b00000|  0%| F|  |TAMS 0x0000000089a00000, 0x0000000089a00000| Untracked 
| 155|0x0000000089b00000, 0x0000000089b00000, 0x0000000089c00000|  0%| F|  |TAMS 0x0000000089b00000, 0x0000000089b00000| Untracked 
| 156|0x0000000089c00000, 0x0000000089c00000, 0x0000000089d00000|  0%| F|  |TAMS 0x0000000089c00000, 0x0000000089c00000| Untracked 
| 157|0x0000000089d00000, 0x0000000089d00000, 0x0000000089e00000|  0%| F|  |TAMS 0x0000000089d00000, 0x0000000089d00000| Untracked 
| 158|0x0000000089e00000, 0x0000000089e00000, 0x0000000089f00000|  0%| F|  |TAMS 0x0000000089e00000, 0x0000000089e00000| Untracked 
| 159|0x0000000089f00000, 0x0000000089f00000, 0x000000008a000000|  0%| F|  |TAMS 0x0000000089f00000, 0x0000000089f00000| Untracked 
| 160|0x000000008a000000, 0x000000008a000000, 0x000000008a100000|  0%| F|  |TAMS 0x000000008a000000, 0x000000008a000000| Untracked 
| 161|0x000000008a100000, 0x000000008a100000, 0x000000008a200000|  0%| F|  |TAMS 0x000000008a100000, 0x000000008a100000| Untracked 
| 162|0x000000008a200000, 0x000000008a200000, 0x000000008a300000|  0%| F|  |TAMS 0x000000008a200000, 0x000000008a200000| Untracked 
| 163|0x000000008a300000, 0x000000008a300000, 0x000000008a400000|  0%| F|  |TAMS 0x000000008a300000, 0x000000008a300000| Untracked 
| 164|0x000000008a400000, 0x000000008a400000, 0x000000008a500000|  0%| F|  |TAMS 0x000000008a400000, 0x000000008a400000| Untracked 
| 165|0x000000008a500000, 0x000000008a500000, 0x000000008a600000|  0%| F|  |TAMS 0x000000008a500000, 0x000000008a500000| Untracked 
| 166|0x000000008a600000, 0x000000008a600000, 0x000000008a700000|  0%| F|  |TAMS 0x000000008a600000, 0x000000008a600000| Untracked 
| 167|0x000000008a700000, 0x000000008a700000, 0x000000008a800000|  0%| F|  |TAMS 0x000000008a700000, 0x000000008a700000| Untracked 
| 168|0x000000008a800000, 0x000000008a800000, 0x000000008a900000|  0%| F|  |TAMS 0x000000008a800000, 0x000000008a800000| Untracked 
| 169|0x000000008a900000, 0x000000008a900000, 0x000000008aa00000|  0%| F|  |TAMS 0x000000008a900000, 0x000000008a900000| Untracked 
| 170|0x000000008aa00000, 0x000000008aa00000, 0x000000008ab00000|  0%| F|  |TAMS 0x000000008aa00000, 0x000000008aa00000| Untracked 
| 171|0x000000008ab00000, 0x000000008ab00000, 0x000000008ac00000|  0%| F|  |TAMS 0x000000008ab00000, 0x000000008ab00000| Untracked 
| 172|0x000000008ac00000, 0x000000008ac00000, 0x000000008ad00000|  0%| F|  |TAMS 0x000000008ac00000, 0x000000008ac00000| Untracked 
| 173|0x000000008ad00000, 0x000000008ad00000, 0x000000008ae00000|  0%| F|  |TAMS 0x000000008ad00000, 0x000000008ad00000| Untracked 
| 174|0x000000008ae00000, 0x000000008ae00000, 0x000000008af00000|  0%| F|  |TAMS 0x000000008ae00000, 0x000000008ae00000| Untracked 
| 175|0x000000008af00000, 0x000000008af00000, 0x000000008b000000|  0%| F|  |TAMS 0x000000008af00000, 0x000000008af00000| Untracked 
| 176|0x000000008b000000, 0x000000008b000000, 0x000000008b100000|  0%| F|  |TAMS 0x000000008b000000, 0x000000008b000000| Untracked 
| 177|0x000000008b100000, 0x000000008b100000, 0x000000008b200000|  0%| F|  |TAMS 0x000000008b100000, 0x000000008b100000| Untracked 
| 178|0x000000008b200000, 0x000000008b200000, 0x000000008b300000|  0%| F|  |TAMS 0x000000008b200000, 0x000000008b200000| Untracked 
| 179|0x000000008b300000, 0x000000008b400000, 0x000000008b400000|100%| E|  |TAMS 0x000000008b300000, 0x000000008b300000| Complete 
| 180|0x000000008b400000, 0x000000008b500000, 0x000000008b500000|100%| E|CS|TAMS 0x000000008b400000, 0x000000008b400000| Complete 
| 181|0x000000008b500000, 0x000000008b600000, 0x000000008b600000|100%| E|CS|TAMS 0x000000008b500000, 0x000000008b500000| Complete 
| 182|0x000000008b600000, 0x000000008b700000, 0x000000008b700000|100%| E|CS|TAMS 0x000000008b600000, 0x000000008b600000| Complete 
| 183|0x000000008b700000, 0x000000008b800000, 0x000000008b800000|100%| E|CS|TAMS 0x000000008b700000, 0x000000008b700000| Complete 
| 184|0x000000008b800000, 0x000000008b900000, 0x000000008b900000|100%| E|CS|TAMS 0x000000008b800000, 0x000000008b800000| Complete 
| 185|0x000000008b900000, 0x000000008ba00000, 0x000000008ba00000|100%| E|  |TAMS 0x000000008b900000, 0x000000008b900000| Complete 
| 186|0x000000008ba00000, 0x000000008bb00000, 0x000000008bb00000|100%| E|CS|TAMS 0x000000008ba00000, 0x000000008ba00000| Complete 
| 187|0x000000008bb00000, 0x000000008bc00000, 0x000000008bc00000|100%| E|CS|TAMS 0x000000008bb00000, 0x000000008bb00000| Complete 
| 188|0x000000008bc00000, 0x000000008bd00000, 0x000000008bd00000|100%| E|CS|TAMS 0x000000008bc00000, 0x000000008bc00000| Complete 
| 189|0x000000008bd00000, 0x000000008be00000, 0x000000008be00000|100%| E|CS|TAMS 0x000000008bd00000, 0x000000008bd00000| Complete 
| 190|0x000000008be00000, 0x000000008bf00000, 0x000000008bf00000|100%| E|CS|TAMS 0x000000008be00000, 0x000000008be00000| Complete 
| 191|0x000000008bf00000, 0x000000008c000000, 0x000000008c000000|100%| E|CS|TAMS 0x000000008bf00000, 0x000000008bf00000| Complete 
| 192|0x000000008c000000, 0x000000008c100000, 0x000000008c100000|100%| E|CS|TAMS 0x000000008c000000, 0x000000008c000000| Complete 
| 193|0x000000008c100000, 0x000000008c200000, 0x000000008c200000|100%| E|CS|TAMS 0x000000008c100000, 0x000000008c100000| Complete 
| 194|0x000000008c200000, 0x000000008c300000, 0x000000008c300000|100%| E|CS|TAMS 0x000000008c200000, 0x000000008c200000| Complete 
| 195|0x000000008c300000, 0x000000008c400000, 0x000000008c400000|100%| E|CS|TAMS 0x000000008c300000, 0x000000008c300000| Complete 
| 196|0x000000008c400000, 0x000000008c500000, 0x000000008c500000|100%| E|CS|TAMS 0x000000008c400000, 0x000000008c400000| Complete 
| 197|0x000000008c500000, 0x000000008c600000, 0x000000008c600000|100%| E|CS|TAMS 0x000000008c500000, 0x000000008c500000| Complete 
| 198|0x000000008c600000, 0x000000008c700000, 0x000000008c700000|100%| E|CS|TAMS 0x000000008c600000, 0x000000008c600000| Complete 
| 199|0x000000008c700000, 0x000000008c800000, 0x000000008c800000|100%| E|CS|TAMS 0x000000008c700000, 0x000000008c700000| Complete 
| 200|0x000000008c800000, 0x000000008c900000, 0x000000008c900000|100%| E|CS|TAMS 0x000000008c800000, 0x000000008c800000| Complete 
| 201|0x000000008c900000, 0x000000008ca00000, 0x000000008ca00000|100%| E|CS|TAMS 0x000000008c900000, 0x000000008c900000| Complete 
| 202|0x000000008ca00000, 0x000000008cb00000, 0x000000008cb00000|100%| E|CS|TAMS 0x000000008ca00000, 0x000000008ca00000| Complete 
| 203|0x000000008cb00000, 0x000000008cc00000, 0x000000008cc00000|100%| E|CS|TAMS 0x000000008cb00000, 0x000000008cb00000| Complete 
| 204|0x000000008cc00000, 0x000000008cd00000, 0x000000008cd00000|100%| E|CS|TAMS 0x000000008cc00000, 0x000000008cc00000| Complete 
| 205|0x000000008cd00000, 0x000000008ce00000, 0x000000008ce00000|100%| E|CS|TAMS 0x000000008cd00000, 0x000000008cd00000| Complete 
| 206|0x000000008ce00000, 0x000000008cf00000, 0x000000008cf00000|100%| E|CS|TAMS 0x000000008ce00000, 0x000000008ce00000| Complete 
| 207|0x000000008cf00000, 0x000000008cfbbbd0, 0x000000008d000000| 73%| S|CS|TAMS 0x000000008cf00000, 0x000000008cf00000| Complete 
| 208|0x000000008d000000, 0x000000008d100000, 0x000000008d100000|100%| S|CS|TAMS 0x000000008d000000, 0x000000008d000000| Complete 
| 209|0x000000008d100000, 0x000000008d200000, 0x000000008d200000|100%| E|CS|TAMS 0x000000008d100000, 0x000000008d100000| Complete 
| 210|0x000000008d200000, 0x000000008d300000, 0x000000008d300000|100%| E|CS|TAMS 0x000000008d200000, 0x000000008d200000| Complete 
| 211|0x000000008d300000, 0x000000008d400000, 0x000000008d400000|100%| E|CS|TAMS 0x000000008d300000, 0x000000008d300000| Complete 
| 212|0x000000008d400000, 0x000000008d500000, 0x000000008d500000|100%| E|CS|TAMS 0x000000008d400000, 0x000000008d400000| Complete 
| 213|0x000000008d500000, 0x000000008d600000, 0x000000008d600000|100%| E|CS|TAMS 0x000000008d500000, 0x000000008d500000| Complete 
| 214|0x000000008d600000, 0x000000008d700000, 0x000000008d700000|100%| E|CS|TAMS 0x000000008d600000, 0x000000008d600000| Complete 
| 215|0x000000008d700000, 0x000000008d800000, 0x000000008d800000|100%| E|CS|TAMS 0x000000008d700000, 0x000000008d700000| Complete 
| 216|0x000000008d800000, 0x000000008d900000, 0x000000008d900000|100%| E|CS|TAMS 0x000000008d800000, 0x000000008d800000| Complete 
| 217|0x000000008d900000, 0x000000008da00000, 0x000000008da00000|100%| E|CS|TAMS 0x000000008d900000, 0x000000008d900000| Complete 
| 218|0x000000008da00000, 0x000000008db00000, 0x000000008db00000|100%| E|CS|TAMS 0x000000008da00000, 0x000000008da00000| Complete 
| 219|0x000000008db00000, 0x000000008dc00000, 0x000000008dc00000|100%| E|CS|TAMS 0x000000008db00000, 0x000000008db00000| Complete 

Card table byte_map: [0x0000023b15510000,0x0000023b15910000] _byte_map_base: 0x0000023b15110000

Marking Bits (Prev, Next): (CMBitMap*) 0x0000023b02625c30, (CMBitMap*) 0x0000023b02625bf8
 Prev Bits: [0x0000023b17d10000, 0x0000023b19d10000)
 Next Bits: [0x0000023b15d10000, 0x0000023b17d10000)

Polling page: 0x0000023b01dc0000

Metaspace:

Usage:
  Non-class:    128.74 MB capacity,   125.06 MB ( 97%) used,     3.00 MB (  2%) free+waste,   682.50 KB ( <1%) overhead. 
      Class:     19.99 MB capacity,    17.85 MB ( 89%) used,     1.84 MB (  9%) free+waste,   308.50 KB (  2%) overhead. 
       Both:    148.73 MB capacity,   142.91 MB ( 96%) used,     4.84 MB (  3%) free+waste,   991.00 KB ( <1%) overhead. 

Virtual space:
  Non-class space:      130.00 MB reserved,     129.13 MB (>99%) committed 
      Class space:        1.00 GB reserved,      20.09 MB (  2%) committed 
             Both:        1.13 GB reserved,     149.21 MB ( 13%) committed 

Chunk freelists:
   Non-Class:  211.00 KB
       Class:  93.00 KB
        Both:  304.00 KB

MaxMetaspaceSize: 17179869184.00 GB
CompressedClassSpaceSize: 1.00 GB
Initial GC threshold: 20.80 MB
Current GC threshold: 248.28 MB
CDS: off

CodeHeap 'non-profiled nmethods': size=120064Kb used=22437Kb max_used=22437Kb free=97626Kb
 bounds [0x0000023b0dbd0000, 0x0000023b0f1c0000, 0x0000023b15110000]
CodeHeap 'profiled nmethods': size=120000Kb used=57517Kb max_used=57517Kb free=62482Kb
 bounds [0x0000023b066a0000, 0x0000023b09ed0000, 0x0000023b0dbd0000]
CodeHeap 'non-nmethods': size=5696Kb used=2514Kb max_used=2584Kb free=3181Kb
 bounds [0x0000023b06110000, 0x0000023b063a0000, 0x0000023b066a0000]
 total_blobs=27379 nmethods=26328 adapters=962
 compilation: enabled
              stopped_count=0, restarted_count=0
 full_count=0

Compilation events (20 events):
Event: 1967.887 Thread 0x0000023b1c21e800 nmethod 30115 0x0000023b0f1b5510 code [0x0000023b0f1b56c0, 0x0000023b0f1b5a18]
Event: 1967.887 Thread 0x0000023b1c21e800 30091       4       org.gradle.api.internal.tasks.DefaultTaskInputs$1::visitInputProperty (16 bytes)
Event: 1967.889 Thread 0x0000023b1c21e800 nmethod 30091 0x0000023b0f1b5b90 code [0x0000023b0f1b5d60, 0x0000023b0f1b6008]
Event: 1967.889 Thread 0x0000023b1c21e800 30031       4       org.gradle.api.internal.provider.ManagedFactories$ProviderManagedFactory::fromState (21 bytes)
Event: 1967.892 Thread 0x0000023b1c21e800 nmethod 30031 0x0000023b0f1b6290 code [0x0000023b0f1b6440, 0x0000023b0f1b66b8]
Event: 1967.892 Thread 0x0000023b1c21e800 30102       4       org.gradle.internal.instantiation.generator.ManagedObjectFactory::newInstance (121 bytes)
Event: 1967.904 Thread 0x0000023b1c21e800 nmethod 30102 0x0000023b0f1b6890 code [0x0000023b0f1b6b20, 0x0000023b0f1b7710]
Event: 1967.904 Thread 0x0000023b1c21e800 30099       4       org.gradle.execution.plan.DefaultExecutionPlan$TaskClassifier::visitOutputFileProperty (6 bytes)
Event: 1967.904 Thread 0x0000023b1c21e800 nmethod 30099 0x0000023b0f1b7f10 code [0x0000023b0f1b80a0, 0x0000023b0f1b80f8]
Event: 1967.904 Thread 0x0000023b1c21e800 30093       4       org.gradle.execution.plan.NodeGroup::removeMember (1 bytes)
Event: 1967.904 Thread 0x0000023b1c21e800 nmethod 30093 0x0000023b0f1b8210 code [0x0000023b0f1b83a0, 0x0000023b0f1b83f8]
Event: 1967.904 Thread 0x0000023b1c21e800 30094       4       org.gradle.execution.plan.NodeGroup::addMember (1 bytes)
Event: 1967.905 Thread 0x0000023b1c21e800 nmethod 30094 0x0000023b0f1b8510 code [0x0000023b0f1b86a0, 0x0000023b0f1b86f8]
Event: 1967.905 Thread 0x0000023b1c21e800 30116       4       org.gradle.api.internal.provider.Providers$NoValueProvider::withFinalValue (2 bytes)
Event: 1967.905 Thread 0x0000023b1c21e800 nmethod 30116 0x0000023b0f1b8810 code [0x0000023b0f1b89a0, 0x0000023b0f1b89f8]
Event: 1967.920 Thread 0x0000023b1c22d800 30117       3       org.gradle.api.internal.file.pattern.HasPrefixAndSuffixPatternStep::matches (28 bytes)
Event: 1967.920 Thread 0x0000023b1c22d800 nmethod 30117 0x0000023b09ec1710 code [0x0000023b09ec1900, 0x0000023b09ec1c18]
Event: 1967.921 Thread 0x0000023b1c21e800 30118       4       com.android.build.gradle.internal.dependency.VariantDependencies$Companion$getComponentFilter$1::isSatisfiedBy (9 bytes)
Event: 1967.922 Thread 0x0000023b1c21e800 nmethod 30118 0x0000023b0f1b8b10 code [0x0000023b0f1b8cc0, 0x0000023b0f1b8db8]
Event: 1967.923 Thread 0x0000023b1c21e800 30119       4       org.gradle.api.internal.artifacts.ivyservice.modulecache.artifacts.DefaultModuleArtifactCache$CachedArtifactSerializer::read (6 bytes)

GC Heap History (20 events):
Event: 1919.397 GC heap before
{Heap before GC invocations=180 (full 0):
 garbage-first heap   total 225280K, used 154644K [0x0000000080000000, 0x0000000100000000)
  region size 1024K, 11 young (11264K), 4 survivors (4096K)
 Metaspace       used 146401K, capacity 152445K, committed 152540K, reserved 1181696K
  class space    used 18326K, capacity 20565K, committed 20568K, reserved 1048576K
}
Event: 1919.407 GC heap after
{Heap after GC invocations=181 (full 0):
 garbage-first heap   total 225280K, used 126836K [0x0000000080000000, 0x0000000100000000)
  region size 1024K, 1 young (1024K), 1 survivors (1024K)
 Metaspace       used 146401K, capacity 152445K, committed 152540K, reserved 1181696K
  class space    used 18326K, capacity 20565K, committed 20568K, reserved 1048576K
}
Event: 1919.437 GC heap before
{Heap before GC invocations=181 (full 0):
 garbage-first heap   total 225280K, used 137076K [0x0000000080000000, 0x0000000100000000)
  region size 1024K, 11 young (11264K), 1 survivors (1024K)
 Metaspace       used 146404K, capacity 152445K, committed 152540K, reserved 1181696K
  class space    used 18326K, capacity 20565K, committed 20568K, reserved 1048576K
}
Event: 1919.443 GC heap after
{Heap after GC invocations=182 (full 0):
 garbage-first heap   total 225280K, used 122814K [0x0000000080000000, 0x0000000100000000)
  region size 1024K, 2 young (2048K), 2 survivors (2048K)
 Metaspace       used 146404K, capacity 152445K, committed 152540K, reserved 1181696K
  class space    used 18326K, capacity 20565K, committed 20568K, reserved 1048576K
}
Event: 1919.536 GC heap before
{Heap before GC invocations=182 (full 0):
 garbage-first heap   total 225280K, used 145342K [0x0000000080000000, 0x0000000100000000)
  region size 1024K, 26 young (26624K), 2 survivors (2048K)
 Metaspace       used 146422K, capacity 152445K, committed 152540K, reserved 1181696K
  class space    used 18326K, capacity 20565K, committed 20568K, reserved 1048576K
}
Event: 1919.548 GC heap after
{Heap after GC invocations=183 (full 0):
 garbage-first heap   total 225280K, used 126924K [0x0000000080000000, 0x0000000100000000)
  region size 1024K, 6 young (6144K), 6 survivors (6144K)
 Metaspace       used 146422K, capacity 152445K, committed 152540K, reserved 1181696K
  class space    used 18326K, capacity 20565K, committed 20568K, reserved 1048576K
}
Event: 1919.708 GC heap before
{Heap before GC invocations=183 (full 0):
 garbage-first heap   total 225280K, used 180172K [0x0000000080000000, 0x0000000100000000)
  region size 1024K, 51 young (52224K), 6 survivors (6144K)
 Metaspace       used 146423K, capacity 152445K, committed 152540K, reserved 1181696K
  class space    used 18326K, capacity 20565K, committed 20568K, reserved 1048576K
}
Event: 1919.724 GC heap after
{Heap after GC invocations=184 (full 0):
 garbage-first heap   total 225280K, used 143180K [0x0000000080000000, 0x0000000100000000)
  region size 1024K, 7 young (7168K), 7 survivors (7168K)
 Metaspace       used 146423K, capacity 152445K, committed 152540K, reserved 1181696K
  class space    used 18326K, capacity 20565K, committed 20568K, reserved 1048576K
}
Event: 1919.830 GC heap before
{Heap before GC invocations=185 (full 0):
 garbage-first heap   total 225280K, used 195404K [0x0000000080000000, 0x0000000100000000)
  region size 1024K, 42 young (43008K), 7 survivors (7168K)
 Metaspace       used 146435K, capacity 152446K, committed 152540K, reserved 1181696K
  class space    used 18326K, capacity 20565K, committed 20568K, reserved 1048576K
}
Event: 1919.843 GC heap after
{Heap after GC invocations=186 (full 0):
 garbage-first heap   total 225280K, used 148618K [0x0000000080000000, 0x0000000100000000)
  region size 1024K, 5 young (5120K), 5 survivors (5120K)
 Metaspace       used 146435K, capacity 152446K, committed 152540K, reserved 1181696K
  class space    used 18326K, capacity 20565K, committed 20568K, reserved 1048576K
}
Event: 1919.856 GC heap before
{Heap before GC invocations=186 (full 0):
 garbage-first heap   total 225280K, used 153738K [0x0000000080000000, 0x0000000100000000)
  region size 1024K, 11 young (11264K), 5 survivors (5120K)
 Metaspace       used 146436K, capacity 152446K, committed 152540K, reserved 1181696K
  class space    used 18326K, capacity 20565K, committed 20568K, reserved 1048576K
}
Event: 1919.864 GC heap after
{Heap after GC invocations=187 (full 0):
 garbage-first heap   total 225280K, used 142957K [0x0000000080000000, 0x0000000100000000)
  region size 1024K, 2 young (2048K), 2 survivors (2048K)
 Metaspace       used 146436K, capacity 152446K, committed 152540K, reserved 1181696K
  class space    used 18326K, capacity 20565K, committed 20568K, reserved 1048576K
}
Event: 1919.933 GC heap before
{Heap before GC invocations=187 (full 0):
 garbage-first heap   total 225280K, used 178797K [0x0000000080000000, 0x0000000100000000)
  region size 1024K, 38 young (38912K), 2 survivors (2048K)
 Metaspace       used 146440K, capacity 152446K, committed 152540K, reserved 1181696K
  class space    used 18326K, capacity 20565K, committed 20568K, reserved 1048576K
}
Event: 1919.941 GC heap after
{Heap after GC invocations=188 (full 0):
 garbage-first heap   total 225280K, used 151552K [0x0000000080000000, 0x0000000100000000)
  region size 1024K, 5 young (5120K), 5 survivors (5120K)
 Metaspace       used 146440K, capacity 152446K, committed 152540K, reserved 1181696K
  class space    used 18326K, capacity 20565K, committed 20568K, reserved 1048576K
}
Event: 1967.650 GC heap before
{Heap before GC invocations=189 (full 0):
 garbage-first heap   total 225280K, used 172032K [0x0000000080000000, 0x0000000100000000)
  region size 1024K, 36 young (36864K), 5 survivors (5120K)
 Metaspace       used 146285K, capacity 152169K, committed 152540K, reserved 1181696K
  class space    used 18278K, capacity 20472K, committed 20568K, reserved 1048576K
}
Event: 1967.660 GC heap after
{Heap after GC invocations=190 (full 0):
 garbage-first heap   total 225280K, used 142805K [0x0000000080000000, 0x0000000100000000)
  region size 1024K, 3 young (3072K), 3 survivors (3072K)
 Metaspace       used 146285K, capacity 152169K, committed 152540K, reserved 1181696K
  class space    used 18278K, capacity 20472K, committed 20568K, reserved 1048576K
}
Event: 1967.687 GC heap before
{Heap before GC invocations=190 (full 0):
 garbage-first heap   total 225280K, used 149973K [0x0000000080000000, 0x0000000100000000)
  region size 1024K, 11 young (11264K), 3 survivors (3072K)
 Metaspace       used 146287K, capacity 152169K, committed 152540K, reserved 1181696K
  class space    used 18278K, capacity 20472K, committed 20568K, reserved 1048576K
}
Event: 1967.698 GC heap after
{Heap after GC invocations=191 (full 0):
 garbage-first heap   total 225280K, used 127041K [0x0000000080000000, 0x0000000100000000)
  region size 1024K, 1 young (1024K), 1 survivors (1024K)
 Metaspace       used 146287K, capacity 152169K, committed 152540K, reserved 1181696K
  class space    used 18278K, capacity 20472K, committed 20568K, reserved 1048576K
}
Event: 1967.738 GC heap before
{Heap before GC invocations=191 (full 0):
 garbage-first heap   total 225280K, used 137281K [0x0000000080000000, 0x0000000100000000)
  region size 1024K, 11 young (11264K), 1 survivors (1024K)
 Metaspace       used 146302K, capacity 152233K, committed 152540K, reserved 1181696K
  class space    used 18278K, capacity 20472K, committed 20568K, reserved 1048576K
}
Event: 1967.758 GC heap after
{Heap after GC invocations=192 (full 0):
 garbage-first heap   total 225280K, used 122322K [0x0000000080000000, 0x0000000100000000)
  region size 1024K, 2 young (2048K), 2 survivors (2048K)
 Metaspace       used 146302K, capacity 152233K, committed 152540K, reserved 1181696K
  class space    used 18278K, capacity 20472K, committed 20568K, reserved 1048576K
}

Deoptimization events (20 events):
Event: 1868.115 Thread 0x0000023b1f439000 Uncommon trap: trap_request=0xffffffbe fr.pc=0x0000023b0f0def5c relative=0x00000000000010fc
Event: 1868.115 Thread 0x0000023b1f439000 Uncommon trap: reason=profile_predicate action=maybe_recompile pc=0x0000023b0f0def5c method=org.gradle.api.internal.artifacts.ivyservice.ivyresolve.strategy.StaticVersionComparator.compare(Lorg/gradle/api/internal/artifacts/ivyservice/ivyresolve/strategy/
Event: 1868.115 Thread 0x0000023b1f439000 DEOPT PACKING pc=0x0000023b0f0def5c sp=0x000000f35befba60
Event: 1868.115 Thread 0x0000023b1f439000 DEOPT UNPACKING pc=0x0000023b061185af sp=0x000000f35befb9b8 mode 2
Event: 1873.661 Thread 0x0000023b20cab800 Uncommon trap: trap_request=0xffffff4d fr.pc=0x0000023b0e356008 relative=0x0000000000002188
Event: 1873.661 Thread 0x0000023b20cab800 Uncommon trap: reason=unstable_if action=reinterpret pc=0x0000023b0e356008 method=com.google.common.collect.MapMakerInternalMap$Segment.postReadCleanup()V @ 10 c2
Event: 1873.661 Thread 0x0000023b20cab800 DEOPT PACKING pc=0x0000023b0e356008 sp=0x000000f3579fa2a0
Event: 1873.661 Thread 0x0000023b20cab800 DEOPT UNPACKING pc=0x0000023b061185af sp=0x000000f3579fa150 mode 2
Event: 1878.216 Thread 0x0000023b20cab800 DEOPT PACKING pc=0x0000023b098c50ba sp=0x000000f3579fd630
Event: 1878.216 Thread 0x0000023b20cab800 DEOPT UNPACKING pc=0x0000023b06159d0e sp=0x000000f3579fcac0 mode 0
Event: 1894.950 Thread 0x0000023b1f43a800 DEOPT PACKING pc=0x0000023b085b476b sp=0x000000f35bdf9cd0
Event: 1894.950 Thread 0x0000023b1f43a800 DEOPT UNPACKING pc=0x0000023b06159d0e sp=0x000000f35bdf91c0 mode 0
Event: 1919.988 Thread 0x0000023b1c215800 Uncommon trap: trap_request=0xffffffc6 fr.pc=0x0000023b0ecb6360 relative=0x00000000000010e0
Event: 1919.988 Thread 0x0000023b1c215800 Uncommon trap: reason=bimorphic_or_optimized_type_check action=maybe_recompile pc=0x0000023b0ecb6360 method=kotlin.collections.CollectionsKt___CollectionsKt.toList(Ljava/lang/Iterable;)Ljava/util/List; @ 62 c2
Event: 1919.988 Thread 0x0000023b1c215800 DEOPT PACKING pc=0x0000023b0ecb6360 sp=0x000000f35befa590
Event: 1919.988 Thread 0x0000023b1c215800 DEOPT UNPACKING pc=0x0000023b061185af sp=0x000000f35befa550 mode 2
Event: 1968.007 Thread 0x0000023b1c216800 Uncommon trap: trap_request=0xffffffde fr.pc=0x0000023b0f18ed58 relative=0x00000000000005b8
Event: 1968.007 Thread 0x0000023b1c216800 Uncommon trap: reason=class_check action=maybe_recompile pc=0x0000023b0f18ed58 method=org.gradle.internal.operations.logging.LoggingBuildOperationProgressBroadcaster.onOutput(Lorg/gradle/internal/logging/events/OutputEvent;)V @ 8 c2
Event: 1968.007 Thread 0x0000023b1c216800 DEOPT PACKING pc=0x0000023b0f18ed58 sp=0x000000f35c0fef10
Event: 1968.007 Thread 0x0000023b1c216800 DEOPT UNPACKING pc=0x0000023b061185af sp=0x000000f35c0fee70 mode 2

Classes redefined (0 events):
No events

Internal exceptions (20 events):
Event: 1920.013 Thread 0x0000023b1f43a000 Exception <a 'sun/nio/fs/WindowsException'{0x000000008cc83e38}> (0x000000008cc83e38) thrown at [src/hotspot/share/prims/jni.cpp, line 617]
Event: 1930.643 Thread 0x0000023b201f3000 Exception <a 'java/io/IOException'{0x000000008cbdce98}> (0x000000008cbdce98) thrown at [src/hotspot/share/prims/jni.cpp, line 617]
Event: 1930.648 Thread 0x0000023b20cab800 Exception <a 'sun/nio/fs/WindowsException'{0x000000008c983738}> (0x000000008c983738) thrown at [src/hotspot/share/prims/jni.cpp, line 617]
Event: 1930.648 Thread 0x0000023b20cab800 Exception <a 'sun/nio/fs/WindowsException'{0x000000008c9837c0}> (0x000000008c9837c0) thrown at [src/hotspot/share/prims/jni.cpp, line 617]
Event: 1930.648 Thread 0x0000023b20cab800 Exception <a 'sun/nio/fs/WindowsException'{0x000000008c985140}> (0x000000008c985140) thrown at [src/hotspot/share/prims/jni.cpp, line 617]
Event: 1967.716 Thread 0x0000023b20cab800 Exception <a 'sun/nio/fs/WindowsException'{0x000000008d6e6658}> (0x000000008d6e6658) thrown at [src/hotspot/share/prims/jni.cpp, line 617]
Event: 1967.792 Thread 0x0000023b20cab800 Exception <a 'sun/nio/fs/WindowsException'{0x000000008d6f04c8}> (0x000000008d6f04c8) thrown at [src/hotspot/share/prims/jni.cpp, line 617]
Event: 1967.796 Thread 0x0000023b20cab800 Exception <a 'sun/nio/fs/WindowsException'{0x000000008d58e7a0}> (0x000000008d58e7a0) thrown at [src/hotspot/share/prims/jni.cpp, line 617]
Event: 1967.796 Thread 0x0000023b20cab800 Exception <a 'sun/nio/fs/WindowsException'{0x000000008d58fa10}> (0x000000008d58fa10) thrown at [src/hotspot/share/prims/jni.cpp, line 617]
Event: 1967.796 Thread 0x0000023b20cab800 Exception <a 'sun/nio/fs/WindowsException'{0x000000008d590cd0}> (0x000000008d590cd0) thrown at [src/hotspot/share/prims/jni.cpp, line 617]
Event: 1967.796 Thread 0x0000023b20cab800 Exception <a 'sun/nio/fs/WindowsException'{0x000000008d591f90}> (0x000000008d591f90) thrown at [src/hotspot/share/prims/jni.cpp, line 617]
Event: 1967.912 Thread 0x0000023b1f436800 Exception <a 'sun/nio/fs/WindowsException'{0x000000008bd658b0}> (0x000000008bd658b0) thrown at [src/hotspot/share/prims/jni.cpp, line 617]
Event: 1967.912 Thread 0x0000023b1f436800 Exception <a 'sun/nio/fs/WindowsException'{0x000000008bd66a18}> (0x000000008bd66a18) thrown at [src/hotspot/share/prims/jni.cpp, line 617]
Event: 1967.912 Thread 0x0000023b1f436800 Exception <a 'sun/nio/fs/WindowsException'{0x000000008bd66d98}> (0x000000008bd66d98) thrown at [src/hotspot/share/prims/jni.cpp, line 617]
Event: 1967.913 Thread 0x0000023b1f436800 Exception <a 'sun/nio/fs/WindowsException'{0x000000008bd67ee0}> (0x000000008bd67ee0) thrown at [src/hotspot/share/prims/jni.cpp, line 617]
Event: 1967.913 Thread 0x0000023b1f436800 Exception <a 'sun/nio/fs/WindowsException'{0x000000008bd68218}> (0x000000008bd68218) thrown at [src/hotspot/share/prims/jni.cpp, line 617]
Event: 1967.913 Thread 0x0000023b1f436800 Exception <a 'sun/nio/fs/WindowsException'{0x000000008bd695d0}> (0x000000008bd695d0) thrown at [src/hotspot/share/prims/jni.cpp, line 617]
Event: 1967.913 Thread 0x0000023b1f436800 Exception <a 'sun/nio/fs/WindowsException'{0x000000008bd698a8}> (0x000000008bd698a8) thrown at [src/hotspot/share/prims/jni.cpp, line 617]
Event: 1967.913 Thread 0x0000023b1f436800 Exception <a 'sun/nio/fs/WindowsException'{0x000000008bd6a9d8}> (0x000000008bd6a9d8) thrown at [src/hotspot/share/prims/jni.cpp, line 617]
Event: 1967.913 Thread 0x0000023b1f436800 Exception <a 'sun/nio/fs/WindowsException'{0x000000008bd6acc0}> (0x000000008bd6acc0) thrown at [src/hotspot/share/prims/jni.cpp, line 617]

Events (20 events):
Event: 1967.882 Executing VM operation: RevokeBias
Event: 1967.882 Executing VM operation: RevokeBias done
Event: 1967.882 Executing VM operation: RevokeBias
Event: 1967.882 Executing VM operation: RevokeBias done
Event: 1967.886 Executing VM operation: RevokeBias
Event: 1967.886 Executing VM operation: RevokeBias done
Event: 1967.896 Executing VM operation: RevokeBias
Event: 1967.897 Executing VM operation: RevokeBias done
Event: 1967.897 Executing VM operation: RevokeBias
Event: 1967.897 Executing VM operation: RevokeBias done
Event: 1967.897 Executing VM operation: RevokeBias
Event: 1967.897 Executing VM operation: RevokeBias done
Event: 1967.897 Executing VM operation: BulkRevokeBias
Event: 1967.898 Executing VM operation: BulkRevokeBias done
Event: 1967.913 Thread 0x0000023b1c217800 Thread added: 0x0000023b1c217800
Event: 1967.915 Executing VM operation: RevokeBias
Event: 1967.915 Executing VM operation: RevokeBias done
Event: 1967.921 Thread 0x0000023b1c215800 Thread added: 0x0000023b1c215800
Event: 1967.949 Thread 0x0000023b1c216800 Thread added: 0x0000023b1c216800
Event: 1967.949 Thread 0x0000023b201f2000 Thread added: 0x0000023b201f2000


Dynamic libraries:
0x00007ff6afa80000 - 0x00007ff6afa8a000 	C:\Program Files\Android\Android Studio\jbr\bin\java.exe
0x00007ffb904d0000 - 0x00007ffb906c8000 	C:\Windows\SYSTEM32\ntdll.dll
0x00007ffb8fab0000 - 0x00007ffb8fb6f000 	C:\Windows\System32\KERNEL32.DLL
0x00007ffb8df30000 - 0x00007ffb8e202000 	C:\Windows\System32\KERNELBASE.dll
0x00007ffb8dd20000 - 0x00007ffb8de20000 	C:\Windows\System32\ucrtbase.dll
0x00007ffb70000000 - 0x00007ffb70017000 	C:\Program Files\Android\Android Studio\jbr\bin\jli.dll
0x00007ffb6ff60000 - 0x00007ffb6ff7b000 	C:\Program Files\Android\Android Studio\jbr\bin\VCRUNTIME140.dll
0x00007ffb8fd50000 - 0x00007ffb8fef1000 	C:\Windows\System32\USER32.dll
0x00007ffb8dcf0000 - 0x00007ffb8dd12000 	C:\Windows\System32\win32u.dll
0x00007ffb76280000 - 0x00007ffb7651a000 	C:\Windows\WinSxS\amd64_microsoft.windows.common-controls_6595b64144ccf1df_6.0.19041.1110_none_60b5254171f9507e\COMCTL32.dll
0x00007ffb8e510000 - 0x00007ffb8e53b000 	C:\Windows\System32\GDI32.dll
0x00007ffb8de20000 - 0x00007ffb8df2f000 	C:\Windows\System32\gdi32full.dll
0x00007ffb8f9a0000 - 0x00007ffb8fa3e000 	C:\Windows\System32\msvcrt.dll
0x00007ffb8dbc0000 - 0x00007ffb8dc5d000 	C:\Windows\System32\msvcp_win.dll
0x00007ffb8ebd0000 - 0x00007ffb8ec02000 	C:\Windows\System32\IMM32.DLL
0x00007ffb7c9a0000 - 0x00007ffb7c9ac000 	C:\Program Files\Android\Android Studio\jbr\bin\vcruntime140_1.dll
0x00007ffb52fe0000 - 0x00007ffb5306d000 	C:\Program Files\Android\Android Studio\jbr\bin\msvcp140.dll
0x00007ffb38390000 - 0x00007ffb38f4c000 	C:\Program Files\Android\Android Studio\jbr\bin\server\jvm.dll
0x00007ffb8f080000 - 0x00007ffb8f12e000 	C:\Windows\System32\ADVAPI32.dll
0x00007ffb8f900000 - 0x00007ffb8f99c000 	C:\Windows\System32\sechost.dll
0x00007ffb902e0000 - 0x00007ffb90405000 	C:\Windows\System32\RPCRT4.dll
0x00007ffb8f890000 - 0x00007ffb8f898000 	C:\Windows\System32\PSAPI.DLL
0x00007ffb89260000 - 0x00007ffb89269000 	C:\Windows\SYSTEM32\WSOCK32.dll
0x00007ffb8fa40000 - 0x00007ffb8faab000 	C:\Windows\System32\WS2_32.dll
0x00007ffb7a380000 - 0x00007ffb7a3a7000 	C:\Windows\SYSTEM32\WINMM.dll
0x00007ffb86f50000 - 0x00007ffb86f5a000 	C:\Windows\SYSTEM32\VERSION.dll
0x00007ffb8c410000 - 0x00007ffb8c422000 	C:\Windows\SYSTEM32\kernel.appcore.dll
0x00007ffb89250000 - 0x00007ffb89260000 	C:\Program Files\Android\Android Studio\jbr\bin\verify.dll
0x00007ffb8b7f0000 - 0x00007ffb8b9d4000 	C:\Windows\SYSTEM32\DBGHELP.DLL
0x00007ffb79c90000 - 0x00007ffb79cc5000 	C:\Windows\SYSTEM32\dbgcore.DLL
0x00007ffb8dc60000 - 0x00007ffb8dce2000 	C:\Windows\System32\bcryptPrimitives.dll
0x00007ffb7d1a0000 - 0x00007ffb7d1c8000 	C:\Program Files\Android\Android Studio\jbr\bin\java.dll
0x00007ffb86a90000 - 0x00007ffb86a9a000 	C:\Program Files\Android\Android Studio\jbr\bin\jimage.dll
0x00007ffb7d350000 - 0x00007ffb7d368000 	C:\Program Files\Android\Android Studio\jbr\bin\zip.dll
0x00007ffb8f130000 - 0x00007ffb8f874000 	C:\Windows\System32\SHELL32.dll
0x00007ffb8bc60000 - 0x00007ffb8c3f2000 	C:\Windows\SYSTEM32\windows.storage.dll
0x00007ffb8e540000 - 0x00007ffb8e895000 	C:\Windows\System32\combase.dll
0x00007ffb8d620000 - 0x00007ffb8d650000 	C:\Windows\SYSTEM32\Wldp.dll
0x00007ffb8fb70000 - 0x00007ffb8fc1d000 	C:\Windows\System32\SHCORE.dll
0x00007ffb8ff20000 - 0x00007ffb8ff75000 	C:\Windows\System32\shlwapi.dll
0x00007ffb8db00000 - 0x00007ffb8db1f000 	C:\Windows\SYSTEM32\profapi.dll
0x00007ffb7d300000 - 0x00007ffb7d319000 	C:\Program Files\Android\Android Studio\jbr\bin\net.dll
0x00007ffb88e90000 - 0x00007ffb88f9c000 	C:\Windows\SYSTEM32\WINHTTP.dll
0x00007ffb8d310000 - 0x00007ffb8d37a000 	C:\Windows\system32\mswsock.dll
0x00007ffb7d200000 - 0x00007ffb7d213000 	C:\Program Files\Android\Android Studio\jbr\bin\nio.dll
0x00007ffb70050000 - 0x00007ffb70077000 	C:\Users\LENOVO\.gradle\native\e1d6ef7f7dcc3fd88c89a11ec53ec762bb8ba0a96d01ffa2cd45eb1d1d8dd5c5\windows-amd64\native-platform.dll
0x00007ffb530c0000 - 0x00007ffb53204000 	C:\Users\LENOVO\.gradle\native\0d407fdbe67a94daf76414ababcb853783967236a71b16ec16e742cd7a986fd3\windows-amd64\native-platform-file-events.dll
0x00007ffb86a80000 - 0x00007ffb86a8a000 	C:\Program Files\Android\Android Studio\jbr\bin\management.dll
0x00007ffb7d2e0000 - 0x00007ffb7d2eb000 	C:\Program Files\Android\Android Studio\jbr\bin\management_ext.dll
0x00007ffb8d500000 - 0x00007ffb8d518000 	C:\Windows\SYSTEM32\CRYPTSP.dll
0x00007ffb8cbc0000 - 0x00007ffb8cbf4000 	C:\Windows\system32\rsaenh.dll
0x00007ffb8e4e0000 - 0x00007ffb8e507000 	C:\Windows\System32\bcrypt.dll
0x00007ffb8da80000 - 0x00007ffb8daae000 	C:\Windows\SYSTEM32\USERENV.dll
0x00007ffb8d520000 - 0x00007ffb8d52c000 	C:\Windows\SYSTEM32\CRYPTBASE.dll
0x00007ffb8cf90000 - 0x00007ffb8cfcb000 	C:\Windows\SYSTEM32\IPHLPAPI.DLL
0x00007ffb8ff80000 - 0x00007ffb8ff88000 	C:\Windows\System32\NSI.dll
0x00007ffb87b90000 - 0x00007ffb87ba7000 	C:\Windows\SYSTEM32\dhcpcsvc6.DLL
0x00007ffb874f0000 - 0x00007ffb8750d000 	C:\Windows\SYSTEM32\dhcpcsvc.DLL
0x00007ffb8d040000 - 0x00007ffb8d10a000 	C:\Windows\SYSTEM32\DNSAPI.dll
0x00007ffb74370000 - 0x00007ffb74387000 	C:\Windows\system32\napinsp.dll
0x00007ffb74350000 - 0x00007ffb7436b000 	C:\Windows\system32\pnrpnsp.dll
0x00007ffb74320000 - 0x00007ffb74335000 	C:\Windows\system32\wshbth.dll
0x00007ffb89110000 - 0x00007ffb8912d000 	C:\Windows\system32\NLAapi.dll
0x00007ffb742f0000 - 0x00007ffb74302000 	C:\Windows\System32\winrnr.dll
0x00007ffb86f00000 - 0x00007ffb86f0a000 	C:\Windows\System32\rasadhlp.dll
0x00007ffb85680000 - 0x00007ffb85700000 	C:\Windows\System32\fwpuclnt.dll
0x00007ffb59c80000 - 0x00007ffb59c9e000 	C:\Users\LENOVO\AppData\Local\Temp\native-platform15552025823901444696dir\native-platform.dll
0x00007ffb7d320000 - 0x00007ffb7d327000 	C:\Program Files\Android\Android Studio\jbr\bin\rmi.dll
0x00007ffb70080000 - 0x00007ffb700a7000 	C:\Program Files\Android\Android Studio\jbr\bin\sunec.dll
0x00007ffb8cce0000 - 0x00007ffb8cd13000 	C:\Windows\SYSTEM32\ntmarta.dll

dbghelp: loaded successfully - version: 4.0.5 - missing functions: none
symbol engine: initialized successfully - sym options: 0x614 - pdb path: .;C:\Program Files\Android\Android Studio\jbr\bin;C:\Windows\SYSTEM32;C:\Windows\WinSxS\amd64_microsoft.windows.common-controls_6595b64144ccf1df_6.0.19041.1110_none_60b5254171f9507e;C:\Program Files\Android\Android Studio\jbr\bin\server;C:\Users\LENOVO\.gradle\native\e1d6ef7f7dcc3fd88c89a11ec53ec762bb8ba0a96d01ffa2cd45eb1d1d8dd5c5\windows-amd64;C:\Users\LENOVO\.gradle\native\0d407fdbe67a94daf76414ababcb853783967236a71b16ec16e742cd7a986fd3\windows-amd64;C:\Users\LENOVO\AppData\Local\Temp\native-platform15552025823901444696dir

VM Arguments:
jvm_args: --add-opens=java.base/java.util=ALL-UNNAMED --add-opens=java.base/java.lang=ALL-UNNAMED --add-opens=java.base/java.lang.invoke=ALL-UNNAMED --add-opens=java.base/java.util=ALL-UNNAMED --add-opens=java.prefs/java.util.prefs=ALL-UNNAMED --add-opens=java.prefs/java.util.prefs=ALL-UNNAMED --add-opens=java.base/java.nio.charset=ALL-UNNAMED --add-opens=java.base/java.net=ALL-UNNAMED --add-opens=java.base/java.util.concurrent.atomic=ALL-UNNAMED -Xmx2048m -Dfile.encoding=UTF-8 -Duser.country=MX -Duser.language=es -Duser.variant 
java_command: org.gradle.launcher.daemon.bootstrap.GradleDaemon 7.5
java_class_path (initial): C:\Users\LENOVO\.gradle\wrapper\dists\gradle-7.5-bin\f1w0cc9nuo0eivz97x2xlu9sv\gradle-7.5\lib\gradle-launcher-7.5.jar
Launcher Type: SUN_STANDARD

[Global flags]
     intx CICompilerCount                          = 3                                         {product} {ergonomic}
     uint ConcGCThreads                            = 1                                         {product} {ergonomic}
     uint G1ConcRefinementThreads                  = 4                                         {product} {ergonomic}
   size_t G1HeapRegionSize                         = 1048576                                   {product} {ergonomic}
    uintx GCDrainStackTargetSize                   = 64                                        {product} {ergonomic}
   size_t InitialHeapSize                          = 132120576                                 {product} {ergonomic}
   size_t MarkStackSize                            = 4194304                                   {product} {ergonomic}
   size_t MaxHeapSize                              = 2147483648                                {product} {command line}
   size_t MaxNewSize                               = 1287651328                                {product} {ergonomic}
   size_t MinHeapDeltaBytes                        = 1048576                                   {product} {ergonomic}
    uintx NonNMethodCodeHeapSize                   = 5830732                                {pd product} {ergonomic}
    uintx NonProfiledCodeHeapSize                  = 122913754                              {pd product} {ergonomic}
    uintx ProfiledCodeHeapSize                     = 122913754                              {pd product} {ergonomic}
    uintx ReservedCodeCacheSize                    = 251658240                              {pd product} {ergonomic}
     bool SegmentedCodeCache                       = true                                      {product} {ergonomic}
     bool UseCompressedClassPointers               = true                                 {lp64_product} {ergonomic}
     bool UseCompressedOops                        = true                                 {lp64_product} {ergonomic}
     bool UseG1GC                                  = true                                      {product} {ergonomic}
     bool UseLargePagesIndividualAllocation        = false                                  {pd product} {ergonomic}

Logging:
Log output configuration:
 #0: stdout all=warning uptime,level,tags
 #1: stderr all=off uptime,level,tags

Environment Variables:
JAVA_HOME=C:\Program Files\Eclipse Foundation\jdk-16.0.2.7-hotspot\
PATH=C:\Program Files\Eclipse Foundation\jdk-16.0.2.7-hotspot\bin;C:\Windows\system32;C:\Windows;C:\Windows\System32\Wbem;C:\Windows\System32\WindowsPowerShell\v1.0\;C:\Windows\System32\OpenSSH\;C:\Program Files\dotnet\;C:\Program Files\nodejs\;C:\Program Files\Git\cmd;C:\Users\LENOVO\AppData\Local\Programs\Python\Python39\Scripts\;C:\Users\LENOVO\AppData\Local\Programs\Python\Python39\;C:\Users\LENOVO\AppData\Local\Microsoft\WindowsApps;C:\Users\LENOVO\AppData\Local\Programs\Microsoft VS Code\bin;C:\Users\LENOVO\.dotnet\tools;C:\Program Files\JetBrains\PyCharm Community Edition 2022.2.3\bin;;C:\Users\LENOVO\AppData\Roaming\npm;C:\Users\LENOVO\AppData\Local\GitHubDesktop\bin
USERNAME=LENOVO
OS=Windows_NT
PROCESSOR_IDENTIFIER=Intel64 Family 6 Model 140 Stepping 2, GenuineIntel



---------------  S Y S T E M  ---------------

OS: Windows 10 , 64 bit Build 19041 (10.0.19041.2364)
OS uptime: 2 days 3:21 hours

CPU:total 4 (initial active 4) (2 cores per cpu, 2 threads per core) family 6 model 140 stepping 2 microcode 0x26, cmov, cx8, fxsr, mmx, sse, sse2, sse3, ssse3, sse4.1, sse4.2, popcnt, avx, avx2, aes, clmul, erms, 3dnowpref, lzcnt, ht, tsc, tscinvbit, bmi1, bmi2, adx, evex, sha, fma

Memory: 4k page, system-wide physical 7975M (305M free)
TotalPageFile size 12077M (AvailPageFile size 9M)
current process WorkingSet (physical memory assigned to process): 630M, peak: 633M
current process commit charge ("private bytes"): 654M, peak: 658M

vm_info: OpenJDK 64-Bit Server VM (11.0.15+0-b2043.56-9505619) for windows-amd64 JRE (11.0.15+0-b2043.56-9505619), built on Jan 19 2023 02:48:00 by "builduser" with unknown MS VC++:1929

END.
